TN:
SF:src\App.tsx
FN:8,(anonymous_0)
FN:9,(anonymous_1)
FN:10,(anonymous_2)
FN:11,(anonymous_3)
FN:12,(anonymous_4)
FN:15,(anonymous_5)
FN:16,(anonymous_6)
FN:17,(anonymous_7)
FN:20,(anonymous_8)
FN:21,(anonymous_9)
FN:22,(anonymous_10)
FN:23,(anonymous_11)
FN:24,(anonymous_12)
FN:25,(anonymous_13)
FN:26,(anonymous_14)
FN:27,(anonymous_15)
FN:28,(anonymous_16)
FN:29,(anonymous_17)
FN:30,(anonymous_18)
FN:31,(anonymous_19)
FN:32,(anonymous_20)
FN:33,(anonymous_21)
FN:34,(anonymous_22)
FN:35,(anonymous_23)
FN:36,(anonymous_24)
FN:37,(anonymous_25)
FN:38,(anonymous_26)
FN:39,(anonymous_27)
FN:40,(anonymous_28)
FN:41,(anonymous_29)
FN:42,(anonymous_30)
FN:167,App
FNF:32
FNH:0
FNDA:0,(anonymous_0)
FNDA:0,(anonymous_1)
FNDA:0,(anonymous_2)
FNDA:0,(anonymous_3)
FNDA:0,(anonymous_4)
FNDA:0,(anonymous_5)
FNDA:0,(anonymous_6)
FNDA:0,(anonymous_7)
FNDA:0,(anonymous_8)
FNDA:0,(anonymous_9)
FNDA:0,(anonymous_10)
FNDA:0,(anonymous_11)
FNDA:0,(anonymous_12)
FNDA:0,(anonymous_13)
FNDA:0,(anonymous_14)
FNDA:0,(anonymous_15)
FNDA:0,(anonymous_16)
FNDA:0,(anonymous_17)
FNDA:0,(anonymous_18)
FNDA:0,(anonymous_19)
FNDA:0,(anonymous_20)
FNDA:0,(anonymous_21)
FNDA:0,(anonymous_22)
FNDA:0,(anonymous_23)
FNDA:0,(anonymous_24)
FNDA:0,(anonymous_25)
FNDA:0,(anonymous_26)
FNDA:0,(anonymous_27)
FNDA:0,(anonymous_28)
FNDA:0,(anonymous_29)
FNDA:0,(anonymous_30)
FNDA:0,App
DA:8,0
DA:9,0
DA:10,0
DA:11,0
DA:12,0
DA:15,0
DA:16,0
DA:17,0
DA:20,0
DA:21,0
DA:22,0
DA:23,0
DA:24,0
DA:25,0
DA:26,0
DA:27,0
DA:28,0
DA:29,0
DA:30,0
DA:31,0
DA:32,0
DA:33,0
DA:34,0
DA:35,0
DA:36,0
DA:37,0
DA:38,0
DA:39,0
DA:40,0
DA:41,0
DA:42,0
DA:44,0
DA:168,0
LF:33
LH:0
BRF:0
BRH:0
end_of_record
TN:
SF:src\components\ai\AIAnalytics.tsx
FN:9,AIAnalytics
FN:28,(anonymous_1)
FN:29,(anonymous_2)
FN:35,(anonymous_3)
FN:72,(anonymous_4)
FN:73,(anonymous_5)
FN:104,(anonymous_6)
FNF:7
FNH:0
FNDA:0,AIAnalytics
FNDA:0,(anonymous_1)
FNDA:0,(anonymous_2)
FNDA:0,(anonymous_3)
FNDA:0,(anonymous_4)
FNDA:0,(anonymous_5)
FNDA:0,(anonymous_6)
DA:10,0
DA:11,0
DA:13,0
DA:14,0
DA:16,0
DA:23,0
DA:29,0
DA:36,0
DA:73,0
DA:74,0
DA:75,0
DA:105,0
LF:12
LH:0
BRDA:13,0,0,0
BRDA:13,0,1,0
BRDA:14,1,0,0
BRDA:14,1,1,0
BRDA:29,2,0,0
BRDA:29,2,1,0
BRF:6
BRH:0
end_of_record
TN:
SF:src\components\ai\AIBotSettings.tsx
FN:15,AIBotSettings
FN:20,addStopWord
FN:26,removeStopWord
FN:27,(anonymous_3)
FN:30,handleTestConnection
FN:32,(anonymous_5)
FN:58,(anonymous_6)
FN:61,(anonymous_7)
FN:80,(anonymous_8)
FN:82,(anonymous_9)
FN:98,(anonymous_10)
FN:100,(anonymous_11)
FN:137,(anonymous_12)
FN:141,(anonymous_13)
FN:153,(anonymous_14)
FN:156,(anonymous_15)
FN:161,(anonymous_16)
FN:161,(anonymous_17)
FN:162,(anonymous_18)
FNF:19
FNH:0
FNDA:0,AIBotSettings
FNDA:0,addStopWord
FNDA:0,removeStopWord
FNDA:0,(anonymous_3)
FNDA:0,handleTestConnection
FNDA:0,(anonymous_5)
FNDA:0,(anonymous_6)
FNDA:0,(anonymous_7)
FNDA:0,(anonymous_8)
FNDA:0,(anonymous_9)
FNDA:0,(anonymous_10)
FNDA:0,(anonymous_11)
FNDA:0,(anonymous_12)
FNDA:0,(anonymous_13)
FNDA:0,(anonymous_14)
FNDA:0,(anonymous_15)
FNDA:0,(anonymous_16)
FNDA:0,(anonymous_17)
FNDA:0,(anonymous_18)
DA:16,0
DA:17,0
DA:18,0
DA:21,0
DA:22,0
DA:23,0
DA:27,0
DA:31,0
DA:32,0
DA:35,0
DA:48,0
DA:50,0
DA:59,0
DA:61,0
DA:80,0
DA:82,0
DA:99,0
DA:100,0
DA:138,0
DA:141,0
DA:154,0
DA:156,0
DA:161,0
DA:162,0
LF:24
LH:0
BRDA:21,0,0,0
BRDA:21,0,1,0
BRDA:21,1,0,0
BRDA:21,1,1,0
BRDA:32,2,0,0
BRDA:32,2,1,0
BRDA:62,3,0,0
BRDA:62,3,1,0
BRDA:66,4,0,0
BRDA:66,4,1,0
BRDA:68,5,0,0
BRDA:68,5,1,0
BRDA:70,6,0,0
BRDA:70,6,1,0
BRDA:72,7,0,0
BRDA:72,7,1,0
BRDA:76,8,0,0
BRDA:76,8,1,0
BRDA:78,9,0,0
BRDA:78,9,1,0
BRDA:79,10,0,0
BRDA:79,10,1,0
BRDA:83,11,0,0
BRDA:83,11,1,0
BRDA:86,12,0,0
BRDA:86,12,1,0
BRDA:87,13,0,0
BRDA:87,13,1,0
BRDA:99,14,0,0
BRDA:99,14,1,0
BRDA:117,15,0,0
BRDA:117,15,1,0
BRDA:117,16,0,0
BRDA:117,16,1,0
BRDA:117,17,0,0
BRDA:117,17,1,0
BRDA:142,18,0,0
BRDA:142,18,1,0
BRDA:144,19,0,0
BRDA:144,19,1,0
BRDA:161,20,0,0
BRDA:161,20,1,0
BRDA:169,21,0,0
BRDA:169,21,1,0
BRF:44
BRH:0
end_of_record
TN:
SF:src\components\ai\AIPersonality.tsx
FN:20,AIPersonality
FN:31,(anonymous_1)
FN:41,(anonymous_2)
FN:44,(anonymous_3)
FN:65,(anonymous_4)
FN:67,(anonymous_5)
FN:81,(anonymous_6)
FN:84,(anonymous_7)
FN:85,(anonymous_8)
FN:94,(anonymous_9)
FN:102,(anonymous_10)
FN:105,(anonymous_11)
FN:121,(anonymous_12)
FN:132,(anonymous_13)
FN:139,(anonymous_14)
FNF:15
FNH:0
FNDA:0,AIPersonality
FNDA:0,(anonymous_1)
FNDA:0,(anonymous_2)
FNDA:0,(anonymous_3)
FNDA:0,(anonymous_4)
FNDA:0,(anonymous_5)
FNDA:0,(anonymous_6)
FNDA:0,(anonymous_7)
FNDA:0,(anonymous_8)
FNDA:0,(anonymous_9)
FNDA:0,(anonymous_10)
FNDA:0,(anonymous_11)
FNDA:0,(anonymous_12)
FNDA:0,(anonymous_13)
FNDA:0,(anonymous_14)
DA:6,0
DA:13,0
DA:21,0
DA:23,0
DA:31,0
DA:42,0
DA:44,0
DA:66,0
DA:67,0
DA:81,0
DA:85,0
DA:94,0
DA:103,0
DA:105,0
DA:121,0
DA:132,0
DA:139,0
LF:17
LH:0
BRDA:30,0,0,0
BRDA:30,0,1,0
BRDA:33,1,0,0
BRDA:33,1,1,0
BRDA:46,2,0,0
BRDA:46,2,1,0
BRDA:47,3,0,0
BRDA:47,3,1,0
BRDA:52,4,0,0
BRDA:52,4,1,0
BRDA:67,5,0,0
BRDA:67,5,1,0
BRDA:74,6,0,0
BRDA:74,6,1,0
BRDA:74,6,2,0
BRDA:80,7,0,0
BRDA:80,7,1,0
BRDA:85,8,0,0
BRDA:85,8,1,0
BRDA:94,9,0,0
BRDA:94,9,1,0
BRDA:95,10,0,0
BRDA:95,10,1,0
BRDA:106,11,0,0
BRDA:106,11,1,0
BRDA:106,12,0,0
BRDA:106,12,1,0
BRDA:116,13,0,0
BRDA:116,13,1,0
BRDA:120,14,0,0
BRDA:120,14,1,0
BRDA:131,15,0,0
BRDA:131,15,1,0
BRDA:142,16,0,0
BRDA:142,16,1,0
BRF:35
BRH:0
end_of_record
TN:
SF:src\components\ai\AITestChat.tsx
FN:14,AITestChat
FN:20,(anonymous_1)
FN:22,send
FN:24,(anonymous_3)
FN:27,(anonymous_4)
FN:28,(anonymous_5)
FN:40,(anonymous_6)
FN:52,(anonymous_7)
FN:91,(anonymous_8)
FN:92,(anonymous_9)
FN:95,(anonymous_10)
FN:103,(anonymous_11)
FN:106,(anonymous_12)
FNF:13
FNH:0
FNDA:0,AITestChat
FNDA:0,(anonymous_1)
FNDA:0,send
FNDA:0,(anonymous_3)
FNDA:0,(anonymous_4)
FNDA:0,(anonymous_5)
FNDA:0,(anonymous_6)
FNDA:0,(anonymous_7)
FNDA:0,(anonymous_8)
FNDA:0,(anonymous_9)
FNDA:0,(anonymous_10)
FNDA:0,(anonymous_11)
FNDA:0,(anonymous_12)
DA:12,0
DA:15,0
DA:16,0
DA:17,0
DA:18,0
DA:20,0
DA:23,0
DA:24,0
DA:25,0
DA:26,0
DA:28,0
DA:33,0
DA:40,0
DA:53,0
DA:91,0
DA:92,0
DA:95,0
DA:104,0
DA:106,0
LF:19
LH:0
BRDA:23,0,0,0
BRDA:23,0,1,0
BRDA:46,1,0,0
BRDA:46,1,1,0
BRDA:53,2,0,0
BRDA:53,2,1,0
BRDA:54,3,0,0
BRDA:54,3,1,0
BRDA:55,4,0,0
BRDA:55,4,1,0
BRDA:62,5,0,0
BRDA:62,5,1,0
BRDA:67,6,0,0
BRDA:67,6,1,0
BRDA:74,7,0,0
BRDA:74,7,1,0
BRDA:92,8,0,0
BRDA:92,8,1,0
BRDA:95,9,0,0
BRDA:95,9,1,0
BRF:20
BRH:0
end_of_record
TN:
SF:src\components\ai\KnowledgeBase.tsx
FN:17,KnowledgeBase
FN:31,(anonymous_1)
FN:33,(anonymous_2)
FN:34,(anonymous_3)
FN:35,(anonymous_4)
FN:45,(anonymous_5)
FN:51,(anonymous_6)
FN:52,(anonymous_7)
FN:53,(anonymous_8)
FN:54,(anonymous_9)
FN:55,(anonymous_10)
FN:70,(anonymous_11)
FN:71,(anonymous_12)
FN:84,(anonymous_13)
FN:112,(anonymous_14)
FN:118,(anonymous_15)
FN:124,(anonymous_16)
FN:125,(anonymous_17)
FN:126,(anonymous_18)
FN:127,(anonymous_19)
FN:128,(anonymous_20)
FN:141,(anonymous_21)
FN:149,(anonymous_22)
FN:153,(anonymous_23)
FN:156,(anonymous_24)
FN:157,(anonymous_25)
FNF:26
FNH:0
FNDA:0,KnowledgeBase
FNDA:0,(anonymous_1)
FNDA:0,(anonymous_2)
FNDA:0,(anonymous_3)
FNDA:0,(anonymous_4)
FNDA:0,(anonymous_5)
FNDA:0,(anonymous_6)
FNDA:0,(anonymous_7)
FNDA:0,(anonymous_8)
FNDA:0,(anonymous_9)
FNDA:0,(anonymous_10)
FNDA:0,(anonymous_11)
FNDA:0,(anonymous_12)
FNDA:0,(anonymous_13)
FNDA:0,(anonymous_14)
FNDA:0,(anonymous_15)
FNDA:0,(anonymous_16)
FNDA:0,(anonymous_17)
FNDA:0,(anonymous_18)
FNDA:0,(anonymous_19)
FNDA:0,(anonymous_20)
FNDA:0,(anonymous_21)
FNDA:0,(anonymous_22)
FNDA:0,(anonymous_23)
FNDA:0,(anonymous_24)
FNDA:0,(anonymous_25)
DA:9,0
DA:18,0
DA:19,0
DA:20,0
DA:21,0
DA:22,0
DA:23,0
DA:24,0
DA:25,0
DA:26,0
DA:27,0
DA:28,0
DA:30,0
DA:31,0
DA:33,0
DA:34,0
DA:35,0
DA:37,0
DA:45,0
DA:51,0
DA:52,0
DA:53,0
DA:54,0
DA:56,0
DA:71,0
DA:85,0
DA:86,0
DA:112,0
DA:118,0
DA:124,0
DA:125,0
DA:126,0
DA:127,0
DA:129,0
DA:141,0
DA:149,0
DA:153,0
DA:156,0
DA:157,0
LF:39
LH:0
BRDA:18,0,0,0
BRDA:31,1,0,0
BRDA:31,1,1,0
BRDA:35,2,0,0
BRDA:35,2,1,0
BRDA:48,3,0,0
BRDA:48,3,1,0
BRDA:56,4,0,0
BRDA:56,4,1,0
BRDA:66,5,0,0
BRDA:66,5,1,0
BRDA:71,6,0,0
BRDA:71,6,1,0
BRDA:72,7,0,0
BRDA:72,7,1,0
BRDA:72,8,0,0
BRDA:72,8,1,0
BRDA:72,9,0,0
BRDA:72,9,1,0
BRDA:77,10,0,0
BRDA:77,10,1,0
BRDA:93,11,0,0
BRDA:93,11,1,0
BRDA:95,12,0,0
BRDA:95,12,1,0
BRDA:99,13,0,0
BRDA:99,13,1,0
BRDA:102,14,0,0
BRDA:102,14,1,0
BRDA:105,15,0,0
BRDA:105,15,1,0
BRDA:113,16,0,0
BRDA:113,16,1,0
BRDA:115,17,0,0
BRDA:115,17,1,0
BRDA:118,18,0,0
BRDA:118,18,1,0
BRDA:121,19,0,0
BRDA:121,19,1,0
BRDA:129,20,0,0
BRDA:129,20,1,0
BRDA:141,21,0,0
BRDA:141,21,1,0
BRDA:143,22,0,0
BRDA:143,22,1,0
BRDA:157,23,0,0
BRDA:157,23,1,0
BRF:47
BRH:0
end_of_record
TN:
SF:src\components\ai\KnowledgeDocUpload.tsx
FN:18,KnowledgeDocUpload
FN:24,addFiles
FN:25,(anonymous_2)
FN:29,(anonymous_3)
FN:30,(anonymous_4)
FN:30,(anonymous_5)
FN:33,onDrop
FN:39,removeFile
FN:40,(anonymous_8)
FN:40,(anonymous_9)
FN:43,updateFile
FN:44,(anonymous_11)
FN:44,(anonymous_12)
FN:47,handleUpload
FN:48,(anonymous_14)
FN:48,(anonymous_15)
FN:50,(anonymous_16)
FN:54,(anonymous_17)
FN:62,(anonymous_18)
FN:66,(anonymous_19)
FN:67,(anonymous_20)
FN:80,(anonymous_21)
FN:81,(anonymous_22)
FN:83,(anonymous_23)
FN:88,(anonymous_24)
FN:93,(anonymous_25)
FN:112,(anonymous_26)
FNF:27
FNH:0
FNDA:0,KnowledgeDocUpload
FNDA:0,addFiles
FNDA:0,(anonymous_2)
FNDA:0,(anonymous_3)
FNDA:0,(anonymous_4)
FNDA:0,(anonymous_5)
FNDA:0,onDrop
FNDA:0,removeFile
FNDA:0,(anonymous_8)
FNDA:0,(anonymous_9)
FNDA:0,updateFile
FNDA:0,(anonymous_11)
FNDA:0,(anonymous_12)
FNDA:0,handleUpload
FNDA:0,(anonymous_14)
FNDA:0,(anonymous_15)
FNDA:0,(anonymous_16)
FNDA:0,(anonymous_17)
FNDA:0,(anonymous_18)
FNDA:0,(anonymous_19)
FNDA:0,(anonymous_20)
FNDA:0,(anonymous_21)
FNDA:0,(anonymous_22)
FNDA:0,(anonymous_23)
FNDA:0,(anonymous_24)
FNDA:0,(anonymous_25)
FNDA:0,(anonymous_26)
DA:19,0
DA:20,0
DA:21,0
DA:22,0
DA:25,0
DA:26,0
DA:27,0
DA:29,0
DA:30,0
DA:34,0
DA:35,0
DA:36,0
DA:40,0
DA:44,0
DA:48,0
DA:50,0
DA:51,0
DA:52,0
DA:53,0
DA:54,0
DA:55,0
DA:56,0
DA:58,0
DA:62,0
DA:63,0
DA:66,0
DA:67,0
DA:69,0
DA:80,0
DA:81,0
DA:83,0
DA:88,0
DA:94,0
DA:112,0
LF:34
LH:0
BRDA:26,0,0,0
BRDA:26,0,1,0
BRDA:27,1,0,0
BRDA:27,1,1,0
BRDA:29,2,0,0
BRDA:29,2,1,0
BRDA:44,3,0,0
BRDA:44,3,1,0
BRDA:48,4,0,0
BRDA:48,4,1,0
BRDA:63,5,0,0
BRDA:63,5,1,0
BRDA:79,6,0,0
BRDA:79,6,1,0
BRDA:88,7,0,0
BRDA:88,7,1,0
BRDA:91,8,0,0
BRDA:91,8,1,0
BRDA:102,9,0,0
BRDA:102,9,1,0
BRDA:104,10,0,0
BRDA:104,10,1,0
BRDA:110,11,0,0
BRDA:110,11,1,0
BRDA:111,12,0,0
BRDA:111,12,1,0
BRDA:112,13,0,0
BRDA:112,13,1,0
BRDA:124,14,0,0
BRDA:124,14,1,0
BRDA:124,14,2,0
BRDA:126,15,0,0
BRDA:126,15,1,0
BRDA:126,16,0,0
BRDA:126,16,1,0
BRF:35
BRH:0
end_of_record
TN:
SF:src\components\analytics\AllTimeUsageCard.tsx
FN:15,AllTimeUsageCard
FN:32,(anonymous_1)
FN:61,(anonymous_2)
FN:81,(anonymous_3)
FNF:4
FNH:0
FNDA:0,AllTimeUsageCard
FNDA:0,(anonymous_1)
FNDA:0,(anonymous_2)
FNDA:0,(anonymous_3)
DA:8,0
DA:16,0
DA:18,0
DA:19,0
DA:26,0
DA:27,0
DA:32,0
DA:40,0
DA:41,0
DA:44,0
DA:62,0
DA:63,0
DA:82,0
DA:83,0
DA:84,0
DA:85,0
DA:87,0
LF:17
LH:0
BRDA:18,0,0,0
BRDA:18,0,1,0
BRDA:26,1,0,0
BRDA:26,1,1,0
BRDA:26,2,0,0
BRDA:26,2,1,0
BRDA:41,3,0,0
BRDA:41,3,1,0
BRDA:82,4,0,0
BRDA:82,4,1,0
BRDA:83,5,0,0
BRDA:83,5,1,0
BRDA:83,6,0,0
BRDA:83,6,1,0
BRDA:98,7,0,0
BRDA:98,7,1,0
BRDA:98,7,2,0
BRDA:103,8,0,0
BRDA:103,8,1,0
BRDA:103,8,2,0
BRDA:117,9,0,0
BRDA:117,9,1,0
BRDA:197,10,0,0
BRDA:197,10,1,0
BRDA:198,11,0,0
BRDA:198,11,1,0
BRF:26
BRH:0
end_of_record
TN:
SF:src\components\analytics\MessageUsageCard.tsx
FN:18,MessageUsageCard
FN:41,(anonymous_1)
FN:130,(anonymous_2)
FN:150,(anonymous_3)
FN:220,(anonymous_4)
FNF:5
FNH:0
FNDA:0,MessageUsageCard
FNDA:0,(anonymous_1)
FNDA:0,(anonymous_2)
FNDA:0,(anonymous_3)
FNDA:0,(anonymous_4)
DA:11,0
DA:19,0
DA:21,0
DA:22,0
DA:24,0
DA:25,0
DA:35,0
DA:36,0
DA:41,0
DA:49,0
DA:58,0
DA:59,0
DA:108,0
DA:111,0
DA:131,0
DA:132,0
DA:151,0
DA:152,0
DA:153,0
DA:154,0
DA:156,0
DA:221,0
LF:22
LH:0
BRDA:18,0,0,0
BRDA:24,1,0,0
BRDA:24,1,1,0
BRDA:28,2,0,0
BRDA:28,2,1,0
BRDA:35,3,0,0
BRDA:35,3,1,0
BRDA:51,4,0,0
BRDA:51,4,1,0
BRDA:52,5,0,0
BRDA:52,5,1,0
BRDA:58,6,0,0
BRDA:58,6,1,0
BRDA:80,7,0,0
BRDA:80,7,1,0
BRDA:87,8,0,0
BRDA:87,8,1,0
BRDA:93,9,0,0
BRDA:93,9,1,0
BRDA:93,9,2,0
BRDA:108,10,0,0
BRDA:108,10,1,0
BRDA:108,11,0,0
BRDA:108,11,1,0
BRDA:108,12,0,0
BRDA:108,12,1,0
BRDA:126,13,0,0
BRDA:126,13,1,0
BRDA:127,14,0,0
BRDA:127,14,1,0
BRDA:128,15,0,0
BRDA:128,15,1,0
BRDA:129,16,0,0
BRDA:129,16,1,0
BRDA:151,17,0,0
BRDA:151,17,1,0
BRDA:152,18,0,0
BRDA:152,18,1,0
BRDA:152,19,0,0
BRDA:152,19,1,0
BRDA:167,20,0,0
BRDA:167,20,1,0
BRDA:167,20,2,0
BRDA:172,21,0,0
BRDA:172,21,1,0
BRDA:172,21,2,0
BRDA:198,22,0,0
BRDA:198,22,1,0
BRF:48
BRH:0
end_of_record
TN:
SF:src\components\auth\RequireRole.tsx
FN:9,RequireRole
FN:10,(anonymous_1)
FN:11,(anonymous_2)
FNF:3
FNH:0
FNDA:0,RequireRole
FNDA:0,(anonymous_1)
FNDA:0,(anonymous_2)
DA:10,0
DA:11,0
DA:15,0
DA:17,0
DA:18,0
DA:21,0
LF:6
LH:0
BRDA:15,0,0,0
BRDA:15,0,1,0
BRDA:17,1,0,0
BRDA:17,1,1,0
BRDA:17,2,0,0
BRDA:17,2,1,0
BRF:6
BRH:0
end_of_record
TN:
SF:src\components\automation\ActionBuilder.tsx
FN:31,ActionConfig
FN:37,addBtn
FN:45,removeBtn
FN:46,(anonymous_3)
FN:51,addTag
FN:68,(anonymous_5)
FN:76,(anonymous_6)
FN:79,(anonymous_7)
FN:85,(anonymous_8)
FN:85,(anonymous_9)
FN:99,(anonymous_10)
FN:113,(anonymous_11)
FN:127,(anonymous_12)
FN:130,(anonymous_13)
FN:130,(anonymous_14)
FN:135,(anonymous_15)
FN:135,(anonymous_16)
FN:143,(anonymous_17)
FN:150,(anonymous_18)
FN:153,(anonymous_19)
FN:167,(anonymous_20)
FN:168,(anonymous_21)
FN:179,ActionBuilder
FN:182,addAction
FN:186,removeAction
FN:187,(anonymous_25)
FN:190,updateAction
FN:191,(anonymous_27)
FN:196,(anonymous_28)
FN:204,(anonymous_29)
FN:206,(anonymous_30)
FN:208,(anonymous_31)
FN:211,(anonymous_32)
FN:222,(anonymous_33)
FNF:34
FNH:0
FNDA:0,ActionConfig
FNDA:0,addBtn
FNDA:0,removeBtn
FNDA:0,(anonymous_3)
FNDA:0,addTag
FNDA:0,(anonymous_5)
FNDA:0,(anonymous_6)
FNDA:0,(anonymous_7)
FNDA:0,(anonymous_8)
FNDA:0,(anonymous_9)
FNDA:0,(anonymous_10)
FNDA:0,(anonymous_11)
FNDA:0,(anonymous_12)
FNDA:0,(anonymous_13)
FNDA:0,(anonymous_14)
FNDA:0,(anonymous_15)
FNDA:0,(anonymous_16)
FNDA:0,(anonymous_17)
FNDA:0,(anonymous_18)
FNDA:0,(anonymous_19)
FNDA:0,(anonymous_20)
FNDA:0,(anonymous_21)
FNDA:0,ActionBuilder
FNDA:0,addAction
FNDA:0,removeAction
FNDA:0,(anonymous_25)
FNDA:0,updateAction
FNDA:0,(anonymous_27)
FNDA:0,(anonymous_28)
FNDA:0,(anonymous_29)
FNDA:0,(anonymous_30)
FNDA:0,(anonymous_31)
FNDA:0,(anonymous_32)
FNDA:0,(anonymous_33)
DA:8,0
DA:32,0
DA:33,0
DA:34,0
DA:35,0
DA:38,0
DA:39,0
DA:40,0
DA:41,0
DA:42,0
DA:46,0
DA:47,0
DA:48,0
DA:52,0
DA:53,0
DA:54,0
DA:55,0
DA:56,0
DA:59,0
DA:60,0
DA:68,0
DA:77,0
DA:79,0
DA:85,0
DA:95,0
DA:96,0
DA:99,0
DA:109,0
DA:110,0
DA:113,0
DA:122,0
DA:123,0
DA:128,0
DA:130,0
DA:135,0
DA:142,0
DA:143,0
DA:144,0
DA:150,0
DA:154,0
DA:164,0
DA:165,0
DA:167,0
DA:168,0
DA:176,0
DA:180,0
DA:183,0
DA:187,0
DA:191,0
DA:194,0
DA:197,0
DA:204,0
DA:206,0
DA:208,0
DA:211,0
DA:222,0
LF:56
LH:0
BRDA:32,0,0,0
BRDA:32,0,1,0
BRDA:33,1,0,0
BRDA:33,1,1,0
BRDA:38,2,0,0
BRDA:38,2,1,0
BRDA:38,3,0,0
BRDA:38,3,1,0
BRDA:52,4,0,0
BRDA:52,4,1,0
BRDA:59,5,0,0
BRDA:59,5,1,0
BRDA:59,6,0,0
BRDA:59,6,1,0
BRDA:67,7,0,0
BRDA:67,7,1,0
BRDA:70,8,0,0
BRDA:70,8,1,0
BRDA:72,9,0,0
BRDA:72,9,1,0
BRDA:83,10,0,0
BRDA:83,10,1,0
BRDA:85,11,0,0
BRDA:85,11,1,0
BRDA:95,12,0,0
BRDA:95,12,1,0
BRDA:99,13,0,0
BRDA:99,13,1,0
BRDA:109,14,0,0
BRDA:109,14,1,0
BRDA:113,15,0,0
BRDA:113,15,1,0
BRDA:122,16,0,0
BRDA:122,16,1,0
BRDA:122,17,0,0
BRDA:122,17,1,0
BRDA:135,18,0,0
BRDA:135,18,1,0
BRDA:142,19,0,0
BRDA:142,19,1,0
BRDA:143,20,0,0
BRDA:143,20,1,0
BRDA:149,21,0,0
BRDA:149,21,1,0
BRDA:157,22,0,0
BRDA:157,22,1,0
BRDA:164,23,0,0
BRDA:164,23,1,0
BRDA:167,24,0,0
BRDA:167,24,1,0
BRDA:168,25,0,0
BRDA:168,25,1,0
BRDA:191,26,0,0
BRDA:191,26,1,0
BRDA:221,27,0,0
BRDA:221,27,1,0
BRDA:231,28,0,0
BRDA:231,28,1,0
BRF:58
BRH:0
end_of_record
TN:
SF:src\components\automation\AutomationHub.tsx
FN:22,FlowMinimap
FN:24,(anonymous_1)
FN:25,(anonymous_2)
FN:34,(anonymous_3)
FN:51,AutomationHub
FN:85,(anonymous_5)
FN:86,(anonymous_6)
FN:112,(anonymous_7)
FN:122,(anonymous_8)
FN:144,(anonymous_9)
FN:146,(anonymous_10)
FN:158,(anonymous_11)
FN:179,(anonymous_12)
FN:198,(anonymous_13)
FN:210,(anonymous_14)
FN:215,(anonymous_15)
FN:216,(anonymous_16)
FN:217,(anonymous_17)
FN:218,(anonymous_18)
FN:250,(anonymous_19)
FN:259,(anonymous_20)
FN:269,(anonymous_21)
FN:274,(anonymous_22)
FN:275,(anonymous_23)
FN:289,(anonymous_24)
FN:294,(anonymous_25)
FN:296,(anonymous_26)
FN:297,(anonymous_27)
FN:298,(anonymous_28)
FN:299,(anonymous_29)
FN:322,(anonymous_30)
FN:327,(anonymous_31)
FN:370,(anonymous_32)
FN:380,(anonymous_33)
FN:390,(anonymous_34)
FN:391,(anonymous_35)
FN:406,(anonymous_36)
FN:412,(anonymous_37)
FN:427,(anonymous_38)
FN:433,(anonymous_39)
FNF:40
FNH:0
FNDA:0,FlowMinimap
FNDA:0,(anonymous_1)
FNDA:0,(anonymous_2)
FNDA:0,(anonymous_3)
FNDA:0,AutomationHub
FNDA:0,(anonymous_5)
FNDA:0,(anonymous_6)
FNDA:0,(anonymous_7)
FNDA:0,(anonymous_8)
FNDA:0,(anonymous_9)
FNDA:0,(anonymous_10)
FNDA:0,(anonymous_11)
FNDA:0,(anonymous_12)
FNDA:0,(anonymous_13)
FNDA:0,(anonymous_14)
FNDA:0,(anonymous_15)
FNDA:0,(anonymous_16)
FNDA:0,(anonymous_17)
FNDA:0,(anonymous_18)
FNDA:0,(anonymous_19)
FNDA:0,(anonymous_20)
FNDA:0,(anonymous_21)
FNDA:0,(anonymous_22)
FNDA:0,(anonymous_23)
FNDA:0,(anonymous_24)
FNDA:0,(anonymous_25)
FNDA:0,(anonymous_26)
FNDA:0,(anonymous_27)
FNDA:0,(anonymous_28)
FNDA:0,(anonymous_29)
FNDA:0,(anonymous_30)
FNDA:0,(anonymous_31)
FNDA:0,(anonymous_32)
FNDA:0,(anonymous_33)
FNDA:0,(anonymous_34)
FNDA:0,(anonymous_35)
FNDA:0,(anonymous_36)
FNDA:0,(anonymous_37)
FNDA:0,(anonymous_38)
FNDA:0,(anonymous_39)
DA:14,0
DA:20,0
DA:23,0
DA:24,0
DA:25,0
DA:26,0
DA:27,0
DA:29,0
DA:31,0
DA:35,0
DA:36,0
DA:37,0
DA:38,0
DA:39,0
DA:40,0
DA:52,0
DA:53,0
DA:54,0
DA:55,0
DA:56,0
DA:57,0
DA:59,0
DA:60,0
DA:61,0
DA:62,0
DA:63,0
DA:64,0
DA:65,0
DA:66,0
DA:67,0
DA:68,0
DA:69,0
DA:70,0
DA:71,0
DA:72,0
DA:74,0
DA:78,0
DA:79,0
DA:80,0
DA:82,0
DA:85,0
DA:86,0
DA:88,0
DA:94,0
DA:112,0
DA:123,0
DA:124,0
DA:125,0
DA:145,0
DA:146,0
DA:158,0
DA:180,0
DA:181,0
DA:182,0
DA:199,0
DA:200,0
DA:211,0
DA:215,0
DA:216,0
DA:217,0
DA:220,0
DA:221,0
DA:250,0
DA:259,0
DA:269,0
DA:275,0
DA:289,0
DA:294,0
DA:296,0
DA:297,0
DA:298,0
DA:300,0
DA:322,0
DA:328,0
DA:329,0
DA:330,0
DA:370,0
DA:380,0
DA:390,0
DA:392,0
DA:393,0
DA:395,0
DA:397,0
DA:398,0
DA:406,0
DA:412,0
DA:427,0
DA:433,0
LF:88
LH:0
BRDA:23,0,0,0
BRDA:23,0,1,0
BRDA:24,1,0,0
BRDA:24,1,1,0
BRDA:25,2,0,0
BRDA:25,2,1,0
BRDA:37,3,0,0
BRDA:37,3,1,0
BRDA:37,4,0,0
BRDA:37,4,1,0
BRDA:38,5,0,0
BRDA:38,5,1,0
BRDA:39,6,0,0
BRDA:39,6,1,0
BRDA:39,7,0,0
BRDA:39,7,1,0
BRDA:65,8,0,0
BRDA:65,8,1,0
BRDA:66,9,0,0
BRDA:66,9,1,0
BRDA:74,10,0,0
BRDA:74,10,1,0
BRDA:78,11,0,0
BRDA:78,11,1,0
BRDA:78,11,2,0
BRDA:79,12,0,0
BRDA:79,12,1,0
BRDA:79,12,2,0
BRDA:79,12,3,0
BRDA:80,13,0,0
BRDA:80,13,1,0
BRDA:80,13,2,0
BRDA:80,13,3,0
BRDA:82,14,0,0
BRDA:82,14,1,0
BRDA:83,15,0,0
BRDA:83,15,1,0
BRDA:83,16,0,0
BRDA:83,16,1,0
BRDA:97,17,0,0
BRDA:97,17,1,0
BRDA:99,18,0,0
BRDA:99,18,1,0
BRDA:105,19,0,0
BRDA:105,19,1,0
BRDA:108,20,0,0
BRDA:108,20,1,0
BRDA:113,21,0,0
BRDA:113,21,1,0
BRDA:124,22,0,0
BRDA:124,22,1,0
BRDA:134,23,0,0
BRDA:134,23,1,0
BRDA:137,24,0,0
BRDA:137,24,1,0
BRDA:138,25,0,0
BRDA:138,25,1,0
BRDA:145,26,0,0
BRDA:145,26,1,0
BRDA:151,27,0,0
BRDA:151,27,1,0
BRDA:152,28,0,0
BRDA:152,28,1,0
BRDA:155,29,0,0
BRDA:155,29,1,0
BRDA:157,30,0,0
BRDA:157,30,1,0
BRDA:170,31,0,0
BRDA:170,31,1,0
BRDA:170,31,2,0
BRDA:177,32,0,0
BRDA:177,32,1,0
BRDA:180,33,0,0
BRDA:180,33,1,0
BRDA:191,34,0,0
BRDA:191,34,1,0
BRDA:196,35,0,0
BRDA:196,35,1,0
BRDA:199,36,0,0
BRDA:199,36,1,0
BRDA:215,37,0,0
BRDA:215,37,1,0
BRDA:216,38,0,0
BRDA:216,38,1,0
BRDA:217,39,0,0
BRDA:217,39,1,0
BRDA:218,40,0,0
BRDA:218,40,1,0
BRDA:220,41,0,0
BRDA:220,41,1,0
BRDA:235,42,0,0
BRDA:235,42,1,0
BRDA:237,43,0,0
BRDA:237,43,1,0
BRDA:243,44,0,0
BRDA:243,44,1,0
BRDA:246,45,0,0
BRDA:246,45,1,0
BRDA:251,46,0,0
BRDA:251,46,1,0
BRDA:258,47,0,0
BRDA:258,47,1,0
BRDA:263,48,0,0
BRDA:263,48,1,0
BRDA:268,49,0,0
BRDA:268,49,1,0
BRDA:281,50,0,0
BRDA:281,50,1,0
BRDA:285,51,0,0
BRDA:285,51,1,0
BRDA:289,52,0,0
BRDA:289,52,1,0
BRDA:293,53,0,0
BRDA:293,53,1,0
BRDA:300,54,0,0
BRDA:300,54,1,0
BRDA:316,55,0,0
BRDA:316,55,1,0
BRDA:324,56,0,0
BRDA:324,56,1,0
BRDA:324,57,0,0
BRDA:324,57,1,0
BRDA:329,58,0,0
BRDA:329,58,1,0
BRDA:335,59,0,0
BRDA:335,59,1,0
BRDA:336,60,0,0
BRDA:336,60,1,0
BRDA:339,61,0,0
BRDA:339,61,1,0
BRDA:352,62,0,0
BRDA:352,62,1,0
BRDA:355,63,0,0
BRDA:355,63,1,0
BRDA:357,64,0,0
BRDA:357,64,1,0
BRDA:363,65,0,0
BRDA:363,65,1,0
BRDA:366,66,0,0
BRDA:366,66,1,0
BRDA:371,67,0,0
BRDA:371,67,1,0
BRDA:379,68,0,0
BRDA:379,68,1,0
BRDA:387,69,0,0
BRDA:387,69,1,0
BRDA:392,70,0,0
BRDA:392,70,1,0
BRDA:403,71,0,0
BRDA:403,71,1,0
BRDA:406,72,0,0
BRDA:406,72,1,0
BRDA:422,73,0,0
BRDA:422,73,1,0
BRF:154
BRH:0
end_of_record
TN:
SF:src\components\automation\AutomationStats.tsx
FN:10,TileIcon
FN:18,Sparkline
FN:33,AutomationStats
FNF:3
FNH:0
FNDA:0,TileIcon
FNDA:0,Sparkline
FNDA:0,AutomationStats
DA:11,0
DA:19,0
DA:34,0
LF:3
LH:0
BRF:0
BRH:0
end_of_record
TN:
SF:src\components\automation\BusinessHours.tsx
FN:33,getStatus
FN:56,BusinessHours
FN:60,applyPreset
FN:63,(anonymous_3)
FN:69,(anonymous_4)
FN:74,applyToAllWeekdays
FN:77,(anonymous_6)
FN:81,toggle
FN:82,(anonymous_8)
FN:85,setTime
FN:86,(anonymous_10)
FN:94,(anonymous_11)
FN:103,(anonymous_12)
FN:104,(anonymous_13)
FN:108,(anonymous_14)
FN:113,(anonymous_15)
FN:127,(anonymous_16)
FN:134,(anonymous_17)
FN:140,(anonymous_18)
FN:159,(anonymous_19)
FNF:20
FNH:0
FNDA:0,getStatus
FNDA:0,BusinessHours
FNDA:0,applyPreset
FNDA:0,(anonymous_3)
FNDA:0,(anonymous_4)
FNDA:0,applyToAllWeekdays
FNDA:0,(anonymous_6)
FNDA:0,toggle
FNDA:0,(anonymous_8)
FNDA:0,setTime
FNDA:0,(anonymous_10)
FNDA:0,(anonymous_11)
FNDA:0,(anonymous_12)
FNDA:0,(anonymous_13)
FNDA:0,(anonymous_14)
FNDA:0,(anonymous_15)
FNDA:0,(anonymous_16)
FNDA:0,(anonymous_17)
FNDA:0,(anonymous_18)
FNDA:0,(anonymous_19)
DA:5,0
DA:23,0
DA:34,0
DA:35,0
DA:36,0
DA:37,0
DA:38,0
DA:39,0
DA:40,0
DA:41,0
DA:42,0
DA:43,0
DA:44,0
DA:45,0
DA:46,0
DA:47,0
DA:49,0
DA:57,0
DA:58,0
DA:61,0
DA:62,0
DA:63,0
DA:64,0
DA:66,0
DA:68,0
DA:69,0
DA:70,0
DA:75,0
DA:76,0
DA:77,0
DA:78,0
DA:82,0
DA:86,0
DA:89,0
DA:94,0
DA:103,0
DA:104,0
DA:109,0
DA:113,0
DA:127,0
DA:134,0
DA:140,0
DA:159,0
LF:43
LH:0
BRDA:35,0,0,0
BRDA:35,0,1,0
BRDA:36,1,0,0
BRDA:36,1,1,0
BRDA:37,2,0,0
BRDA:37,2,1,0
BRDA:43,3,0,0
BRDA:43,3,1,0
BRDA:43,4,0,0
BRDA:43,4,1,0
BRDA:61,5,0,0
BRDA:61,5,1,0
BRDA:116,6,0,0
BRDA:116,6,1,0
BRDA:119,7,0,0
BRDA:119,7,1,0
BRDA:122,8,0,0
BRDA:122,8,1,0
BRDA:137,9,0,0
BRDA:137,9,1,0
BRDA:158,10,0,0
BRDA:158,10,1,0
BRF:22
BRH:0
end_of_record
TN:
SF:src\components\automation\QuickRepliesPanel.tsx
FN:13,QuickRepliesPanel
FN:22,(anonymous_1)
FN:28,(anonymous_2)
FN:41,(anonymous_3)
FN:47,(anonymous_4)
FN:57,(anonymous_5)
FN:68,(anonymous_6)
FN:87,(anonymous_7)
FN:100,(anonymous_8)
FN:116,(anonymous_9)
FN:131,(anonymous_10)
FN:140,(anonymous_11)
FN:146,(anonymous_12)
FN:154,(anonymous_13)
FN:170,(anonymous_14)
FNF:15
FNH:0
FNDA:0,QuickRepliesPanel
FNDA:0,(anonymous_1)
FNDA:0,(anonymous_2)
FNDA:0,(anonymous_3)
FNDA:0,(anonymous_4)
FNDA:0,(anonymous_5)
FNDA:0,(anonymous_6)
FNDA:0,(anonymous_7)
FNDA:0,(anonymous_8)
FNDA:0,(anonymous_9)
FNDA:0,(anonymous_10)
FNDA:0,(anonymous_11)
FNDA:0,(anonymous_12)
FNDA:0,(anonymous_13)
FNDA:0,(anonymous_14)
DA:14,0
DA:15,0
DA:16,0
DA:17,0
DA:19,0
DA:20,0
DA:22,0
DA:23,0
DA:24,0
DA:25,0
DA:28,0
DA:32,0
DA:41,0
DA:47,0
DA:58,0
DA:68,0
DA:87,0
DA:101,0
DA:117,0
DA:131,0
DA:140,0
DA:146,0
DA:154,0
DA:170,0
LF:24
LH:0
BRDA:22,0,0,0
BRDA:22,0,1,0
BRDA:23,1,0,0
BRDA:23,1,1,0
BRDA:26,2,0,0
BRDA:26,2,1,0
BRDA:26,2,2,0
BRDA:55,3,0,0
BRDA:55,3,1,0
BRDA:64,4,0,0
BRDA:64,4,1,0
BRDA:64,4,2,0
BRDA:75,5,0,0
BRDA:75,5,1,0
BRDA:75,5,2,0
BRDA:75,5,3,0
BRDA:79,6,0,0
BRDA:79,6,1,0
BRDA:81,7,0,0
BRDA:81,7,1,0
BRDA:98,8,0,0
BRDA:98,8,1,0
BRDA:98,8,2,0
BRDA:98,8,3,0
BRDA:114,9,0,0
BRDA:114,9,1,0
BRDA:114,9,2,0
BRDA:137,10,0,0
BRDA:137,10,1,0
BRDA:167,11,0,0
BRDA:167,11,1,0
BRDA:169,12,0,0
BRDA:169,12,1,0
BRF:33
BRH:0
end_of_record
TN:
SF:src\components\automation\QuickReplyForm.tsx
FN:11,QuickReplyForm
FN:23,addTag
FN:29,handleSubmit
FN:43,(anonymous_3)
FN:67,(anonymous_4)
FN:82,(anonymous_5)
FN:100,(anonymous_6)
FN:101,(anonymous_7)
FN:109,(anonymous_8)
FN:118,(anonymous_9)
FN:118,(anonymous_10)
FNF:11
FNH:0
FNDA:0,QuickReplyForm
FNDA:0,addTag
FNDA:0,handleSubmit
FNDA:0,(anonymous_3)
FNDA:0,(anonymous_4)
FNDA:0,(anonymous_5)
FNDA:0,(anonymous_6)
FNDA:0,(anonymous_7)
FNDA:0,(anonymous_8)
FNDA:0,(anonymous_9)
FNDA:0,(anonymous_10)
DA:12,0
DA:14,0
DA:15,0
DA:16,0
DA:17,0
DA:19,0
DA:20,0
DA:21,0
DA:24,0
DA:25,0
DA:26,0
DA:30,0
DA:31,0
DA:32,0
DA:33,0
DA:34,0
DA:36,0
DA:40,0
DA:43,0
DA:67,0
DA:82,0
DA:100,0
DA:102,0
DA:110,0
DA:118,0
LF:25
LH:0
BRDA:14,0,0,0
BRDA:14,0,1,0
BRDA:15,1,0,0
BRDA:15,1,1,0
BRDA:17,2,0,0
BRDA:17,2,1,0
BRDA:21,3,0,0
BRDA:21,3,1,0
BRDA:25,4,0,0
BRDA:25,4,1,0
BRDA:25,5,0,0
BRDA:25,5,1,0
BRDA:31,6,0,0
BRDA:31,6,1,0
BRDA:31,7,0,0
BRDA:31,7,1,0
BRDA:33,8,0,0
BRDA:33,8,1,0
BRDA:43,9,0,0
BRDA:43,9,1,0
BRDA:49,10,0,0
BRDA:49,10,1,0
BRDA:102,11,0,0
BRDA:102,11,1,0
BRDA:107,12,0,0
BRDA:107,12,1,0
BRDA:143,13,0,0
BRDA:143,13,1,0
BRDA:145,14,0,0
BRDA:145,14,1,0
BRF:30
BRH:0
end_of_record
TN:
SF:src\components\automation\RuleCard.tsx
FN:14,triggerSummary
FN:26,actionSummary
FN:44,RuleCard
FN:85,(anonymous_3)
FN:97,(anonymous_4)
FN:104,(anonymous_5)
FN:105,(anonymous_6)
FN:106,(anonymous_7)
FN:107,(anonymous_8)
FN:108,(anonymous_9)
FNF:10
FNH:0
FNDA:0,triggerSummary
FNDA:0,actionSummary
FNDA:0,RuleCard
FNDA:0,(anonymous_3)
FNDA:0,(anonymous_4)
FNDA:0,(anonymous_5)
FNDA:0,(anonymous_6)
FNDA:0,(anonymous_7)
FNDA:0,(anonymous_8)
FNDA:0,(anonymous_9)
DA:7,0
DA:15,0
DA:16,0
DA:17,0
DA:18,0
DA:20,0
DA:21,0
DA:22,0
DA:23,0
DA:27,0
DA:28,0
DA:29,0
DA:30,0
DA:31,0
DA:32,0
DA:45,0
DA:46,0
DA:48,0
DA:85,0
DA:97,0
DA:104,0
DA:105,0
DA:106,0
DA:107,0
DA:109,0
LF:25
LH:0
BRDA:16,0,0,0
BRDA:16,0,1,0
BRDA:17,1,0,0
BRDA:17,1,1,0
BRDA:18,2,0,0
BRDA:18,2,1,0
BRDA:20,3,0,0
BRDA:20,3,1,0
BRDA:20,4,0,0
BRDA:20,4,1,0
BRDA:21,5,0,0
BRDA:21,5,1,0
BRDA:21,6,0,0
BRDA:21,6,1,0
BRDA:22,7,0,0
BRDA:22,7,1,0
BRDA:22,8,0,0
BRDA:22,8,1,0
BRDA:28,9,0,0
BRDA:28,9,1,0
BRDA:29,10,0,0
BRDA:29,10,1,0
BRDA:29,11,0,0
BRDA:29,11,1,0
BRDA:30,12,0,0
BRDA:30,12,1,0
BRDA:31,13,0,0
BRDA:31,13,1,0
BRDA:31,14,0,0
BRDA:31,14,1,0
BRDA:46,15,0,0
BRDA:46,15,1,0
BRDA:67,16,0,0
BRDA:67,16,1,0
BRDA:69,17,0,0
BRDA:69,17,1,0
BRDA:82,18,0,0
BRDA:82,18,1,0
BRDA:88,19,0,0
BRDA:88,19,1,0
BRDA:91,20,0,0
BRDA:91,20,1,0
BRDA:101,21,0,0
BRDA:101,21,1,0
BRDA:112,22,0,0
BRDA:112,22,1,0
BRF:46
BRH:0
end_of_record
TN:
SF:src\components\automation\RuleForm.tsx
FN:20,RuleForm
FN:39,handleSave
FN:45,(anonymous_2)
FN:66,(anonymous_3)
FN:72,(anonymous_4)
FN:81,(anonymous_5)
FN:88,(anonymous_6)
FN:108,(anonymous_7)
FN:146,(anonymous_8)
FN:152,(anonymous_9)
FN:173,(anonymous_10)
FN:183,(anonymous_11)
FN:184,(anonymous_12)
FNF:13
FNH:0
FNDA:0,RuleForm
FNDA:0,handleSave
FNDA:0,(anonymous_2)
FNDA:0,(anonymous_3)
FNDA:0,(anonymous_4)
FNDA:0,(anonymous_5)
FNDA:0,(anonymous_6)
FNDA:0,(anonymous_7)
FNDA:0,(anonymous_8)
FNDA:0,(anonymous_9)
FNDA:0,(anonymous_10)
FNDA:0,(anonymous_11)
FNDA:0,(anonymous_12)
DA:21,0
DA:22,0
DA:23,0
DA:27,0
DA:30,0
DA:31,0
DA:33,0
DA:34,0
DA:40,0
DA:41,0
DA:45,0
DA:47,0
DA:50,0
DA:66,0
DA:72,0
DA:81,0
DA:88,0
DA:108,0
DA:147,0
DA:153,0
DA:173,0
DA:183,0
DA:184,0
LF:23
LH:0
BRDA:21,0,0,0
BRDA:21,0,1,0
BRDA:22,1,0,0
BRDA:22,1,1,0
BRDA:24,2,0,0
BRDA:24,2,1,0
BRDA:25,3,0,0
BRDA:25,3,1,0
BRDA:28,4,0,0
BRDA:28,4,1,0
BRDA:33,5,0,0
BRDA:33,5,1,0
BRDA:35,6,0,0
BRDA:35,6,1,0
BRDA:36,7,0,0
BRDA:36,7,1,0
BRDA:40,8,0,0
BRDA:40,8,1,0
BRDA:47,9,0,0
BRDA:47,9,1,0
BRDA:54,10,0,0
BRDA:54,10,1,0
BRDA:91,11,0,0
BRDA:91,11,1,0
BRDA:93,12,0,0
BRDA:93,12,1,0
BRDA:111,13,0,0
BRDA:111,13,1,0
BRDA:113,14,0,0
BRDA:113,14,1,0
BRDA:147,15,0,0
BRDA:147,15,1,0
BRDA:148,16,0,0
BRDA:148,16,1,0
BRDA:150,17,0,0
BRDA:150,17,1,0
BRDA:150,17,2,0
BRDA:160,18,0,0
BRDA:160,18,1,0
BRDA:170,19,0,0
BRDA:170,19,1,0
BRF:41
BRH:0
end_of_record
TN:
SF:src\components\automation\TriggerSelector.tsx
FN:48,TriggerSelector
FN:53,setTab
FN:58,addKeyword
FN:68,removeKeyword
FN:69,(anonymous_4)
FN:72,toggleDay
FN:76,(anonymous_6)
FN:83,(anonymous_7)
FN:86,(anonymous_8)
FN:106,(anonymous_9)
FN:107,(anonymous_10)
FN:109,(anonymous_11)
FN:112,(anonymous_12)
FN:115,(anonymous_13)
FN:124,(anonymous_14)
FN:131,(anonymous_15)
FN:147,(anonymous_16)
FN:148,(anonymous_17)
FN:150,(anonymous_18)
FN:153,(anonymous_19)
FN:156,(anonymous_20)
FN:164,(anonymous_21)
FN:178,(anonymous_22)
FN:187,(anonymous_23)
FN:189,(anonymous_24)
FN:201,(anonymous_25)
FN:203,(anonymous_26)
FN:213,(anonymous_27)
FN:215,(anonymous_28)
FN:225,(anonymous_29)
FN:229,(anonymous_30)
FN:241,(anonymous_31)
FN:244,(anonymous_32)
FNF:33
FNH:0
FNDA:0,TriggerSelector
FNDA:0,setTab
FNDA:0,addKeyword
FNDA:0,removeKeyword
FNDA:0,(anonymous_4)
FNDA:0,toggleDay
FNDA:0,(anonymous_6)
FNDA:0,(anonymous_7)
FNDA:0,(anonymous_8)
FNDA:0,(anonymous_9)
FNDA:0,(anonymous_10)
FNDA:0,(anonymous_11)
FNDA:0,(anonymous_12)
FNDA:0,(anonymous_13)
FNDA:0,(anonymous_14)
FNDA:0,(anonymous_15)
FNDA:0,(anonymous_16)
FNDA:0,(anonymous_17)
FNDA:0,(anonymous_18)
FNDA:0,(anonymous_19)
FNDA:0,(anonymous_20)
FNDA:0,(anonymous_21)
FNDA:0,(anonymous_22)
FNDA:0,(anonymous_23)
FNDA:0,(anonymous_24)
FNDA:0,(anonymous_25)
FNDA:0,(anonymous_26)
FNDA:0,(anonymous_27)
FNDA:0,(anonymous_28)
FNDA:0,(anonymous_29)
FNDA:0,(anonymous_30)
FNDA:0,(anonymous_31)
FNDA:0,(anonymous_32)
DA:7,0
DA:14,0
DA:24,0
DA:49,0
DA:50,0
DA:51,0
DA:54,0
DA:55,0
DA:59,0
DA:60,0
DA:61,0
DA:62,0
DA:63,0
DA:65,0
DA:69,0
DA:73,0
DA:74,0
DA:76,0
DA:80,0
DA:84,0
DA:86,0
DA:106,0
DA:107,0
DA:109,0
DA:113,0
DA:115,0
DA:125,0
DA:131,0
DA:147,0
DA:148,0
DA:150,0
DA:154,0
DA:156,0
DA:164,0
DA:178,0
DA:188,0
DA:189,0
DA:201,0
DA:203,0
DA:214,0
DA:215,0
DA:225,0
DA:229,0
DA:242,0
DA:244,0
LF:45
LH:0
BRDA:49,0,0,0
BRDA:49,0,1,0
BRDA:60,1,0,0
BRDA:60,1,1,0
BRDA:61,2,0,0
BRDA:61,2,1,0
BRDA:62,3,0,0
BRDA:62,3,1,0
BRDA:69,4,0,0
BRDA:69,4,1,0
BRDA:73,5,0,0
BRDA:73,5,1,0
BRDA:76,6,0,0
BRDA:76,6,1,0
BRDA:89,7,0,0
BRDA:89,7,1,0
BRDA:97,8,0,0
BRDA:97,8,1,0
BRDA:107,9,0,0
BRDA:107,9,1,0
BRDA:112,10,0,0
BRDA:112,10,1,0
BRDA:130,11,0,0
BRDA:130,11,1,0
BRDA:148,12,0,0
BRDA:148,12,1,0
BRDA:153,13,0,0
BRDA:153,13,1,0
BRDA:165,14,0,0
BRDA:165,14,1,0
BRDA:167,15,0,0
BRDA:167,15,1,0
BRDA:174,16,0,0
BRDA:174,16,1,0
BRDA:178,17,0,0
BRDA:178,17,1,0
BRDA:184,18,0,0
BRDA:184,18,1,0
BRDA:198,19,0,0
BRDA:198,19,1,0
BRDA:201,20,0,0
BRDA:201,20,1,0
BRDA:208,21,0,0
BRDA:208,21,1,0
BRDA:215,22,0,0
BRDA:215,22,1,0
BRDA:225,23,0,0
BRDA:225,23,1,0
BRDA:229,24,0,0
BRDA:229,24,1,0
BRDA:237,25,0,0
BRDA:237,25,1,0
BRDA:245,26,0,0
BRDA:245,26,1,0
BRDA:245,27,0,0
BRDA:245,27,1,0
BRF:56
BRH:0
end_of_record
TN:
SF:src\components\campaigns\CampaignCard.tsx
FN:33,DeliveryRing
FN:61,CampaignCard
FN:66,(anonymous_2)
FN:67,handler
FN:71,(anonymous_4)
FN:91,(anonymous_5)
FN:118,(anonymous_6)
FN:119,(anonymous_7)
FN:119,(anonymous_8)
FN:125,(anonymous_9)
FN:158,(anonymous_10)
FN:178,(anonymous_11)
FN:209,(anonymous_12)
FN:243,(anonymous_13)
FN:259,(anonymous_14)
FN:261,(anonymous_15)
FN:271,(anonymous_16)
FN:277,(anonymous_17)
FN:277,(anonymous_18)
FN:282,(anonymous_19)
FN:350,(anonymous_20)
FN:352,(anonymous_21)
FN:362,(anonymous_22)
FN:368,(anonymous_23)
FN:368,(anonymous_24)
FN:373,(anonymous_25)
FNF:26
FNH:0
FNDA:0,DeliveryRing
FNDA:0,CampaignCard
FNDA:0,(anonymous_2)
FNDA:0,handler
FNDA:0,(anonymous_4)
FNDA:0,(anonymous_5)
FNDA:0,(anonymous_6)
FNDA:0,(anonymous_7)
FNDA:0,(anonymous_8)
FNDA:0,(anonymous_9)
FNDA:0,(anonymous_10)
FNDA:0,(anonymous_11)
FNDA:0,(anonymous_12)
FNDA:0,(anonymous_13)
FNDA:0,(anonymous_14)
FNDA:0,(anonymous_15)
FNDA:0,(anonymous_16)
FNDA:0,(anonymous_17)
FNDA:0,(anonymous_18)
FNDA:0,(anonymous_19)
FNDA:0,(anonymous_20)
FNDA:0,(anonymous_21)
FNDA:0,(anonymous_22)
FNDA:0,(anonymous_23)
FNDA:0,(anonymous_24)
FNDA:0,(anonymous_25)
DA:12,0
DA:16,0
DA:23,0
DA:34,0
DA:35,0
DA:36,0
DA:37,0
DA:38,0
DA:39,0
DA:40,0
DA:41,0
DA:62,0
DA:63,0
DA:64,0
DA:66,0
DA:68,0
DA:70,0
DA:71,0
DA:74,0
DA:75,0
DA:76,0
DA:77,0
DA:78,0
DA:79,0
DA:80,0
DA:81,0
DA:83,0
DA:84,0
DA:91,0
DA:118,0
DA:119,0
DA:125,0
DA:159,0
DA:172,0
DA:178,0
DA:209,0
DA:244,0
DA:259,0
DA:261,0
DA:271,0
DA:277,0
DA:282,0
DA:350,0
DA:352,0
DA:362,0
DA:368,0
DA:373,0
LF:47
LH:0
BRDA:33,0,0,0
BRDA:34,1,0,0
BRDA:34,1,1,0
BRDA:36,2,0,0
BRDA:36,2,1,0
BRDA:37,3,0,0
BRDA:37,3,1,0
BRDA:38,4,0,0
BRDA:38,4,1,0
BRDA:40,5,0,0
BRDA:40,5,1,0
BRDA:40,6,0,0
BRDA:40,6,1,0
BRDA:68,7,0,0
BRDA:68,7,1,0
BRDA:68,8,0,0
BRDA:68,8,1,0
BRDA:75,9,0,0
BRDA:75,9,1,0
BRDA:76,10,0,0
BRDA:76,10,1,0
BRDA:77,11,0,0
BRDA:77,11,1,0
BRDA:81,12,0,0
BRDA:81,12,1,0
BRDA:81,12,2,0
BRDA:81,12,3,0
BRDA:83,13,0,0
BRDA:83,13,1,0
BRDA:89,14,0,0
BRDA:89,14,1,0
BRDA:94,15,0,0
BRDA:94,15,1,0
BRDA:97,16,0,0
BRDA:97,16,1,0
BRDA:115,17,0,0
BRDA:115,17,1,0
BRDA:122,18,0,0
BRDA:122,18,1,0
BRDA:128,19,0,0
BRDA:128,19,1,0
BRDA:145,20,0,0
BRDA:145,20,1,0
BRDA:145,20,2,0
BRDA:176,21,0,0
BRDA:176,21,1,0
BRDA:181,22,0,0
BRDA:181,22,1,0
BRDA:184,23,0,0
BRDA:184,23,1,0
BRDA:206,24,0,0
BRDA:206,24,1,0
BRDA:232,25,0,0
BRDA:232,25,1,0
BRDA:240,26,0,0
BRDA:240,26,1,0
BRDA:241,27,0,0
BRDA:241,27,1,0
BRDA:242,28,0,0
BRDA:242,28,1,0
BRDA:242,29,0,0
BRDA:242,29,1,0
BRDA:242,30,0,0
BRDA:242,30,1,0
BRDA:253,31,0,0
BRDA:253,31,1,0
BRDA:260,32,0,0
BRDA:260,32,1,0
BRDA:260,32,2,0
BRDA:265,33,0,0
BRDA:265,33,1,0
BRDA:268,34,0,0
BRDA:268,34,1,0
BRDA:280,35,0,0
BRDA:280,35,1,0
BRDA:284,36,0,0
BRDA:284,36,1,0
BRDA:312,37,0,0
BRDA:312,37,1,0
BRDA:321,38,0,0
BRDA:321,38,1,0
BRDA:326,39,0,0
BRDA:326,39,1,0
BRDA:331,40,0,0
BRDA:331,40,1,0
BRDA:334,41,0,0
BRDA:334,41,1,0
BRDA:336,42,0,0
BRDA:336,42,1,0
BRDA:336,43,0,0
BRDA:336,43,1,0
BRDA:337,44,0,0
BRDA:337,44,1,0
BRDA:342,45,0,0
BRDA:342,45,1,0
BRDA:351,46,0,0
BRDA:351,46,1,0
BRDA:351,46,2,0
BRDA:356,47,0,0
BRDA:356,47,1,0
BRDA:359,48,0,0
BRDA:359,48,1,0
BRDA:371,49,0,0
BRDA:371,49,1,0
BRDA:375,50,0,0
BRDA:375,50,1,0
BRF:106
BRH:0
end_of_record
TN:
SF:src\components\campaigns\CampaignWizard.tsx
FN:31,CampaignWizard
FN:86,(anonymous_1)
FN:100,(anonymous_2)
FN:103,(anonymous_3)
FN:106,(anonymous_4)
FN:121,(anonymous_5)
FN:157,(anonymous_6)
FN:201,(anonymous_7)
FN:219,(anonymous_8)
FN:219,(anonymous_9)
FN:219,(anonymous_10)
FN:221,(anonymous_11)
FN:243,(anonymous_12)
FN:352,(anonymous_13)
FN:363,(anonymous_14)
FN:363,(anonymous_15)
FNF:16
FNH:0
FNDA:0,CampaignWizard
FNDA:0,(anonymous_1)
FNDA:0,(anonymous_2)
FNDA:0,(anonymous_3)
FNDA:0,(anonymous_4)
FNDA:0,(anonymous_5)
FNDA:0,(anonymous_6)
FNDA:0,(anonymous_7)
FNDA:0,(anonymous_8)
FNDA:0,(anonymous_9)
FNDA:0,(anonymous_10)
FNDA:0,(anonymous_11)
FNDA:0,(anonymous_12)
FNDA:0,(anonymous_13)
FNDA:0,(anonymous_14)
FNDA:0,(anonymous_15)
DA:17,0
DA:32,0
DA:33,0
DA:34,0
DA:35,0
DA:38,0
DA:39,0
DA:40,0
DA:43,0
DA:44,0
DA:45,0
DA:46,0
DA:47,0
DA:53,0
DA:54,0
DA:57,0
DA:58,0
DA:59,0
DA:60,0
DA:61,0
DA:62,0
DA:63,0
DA:66,0
DA:74,0
DA:82,0
DA:84,0
DA:86,0
DA:87,0
DA:88,0
DA:89,0
DA:90,0
DA:91,0
DA:92,0
DA:93,0
DA:95,0
DA:96,0
DA:97,0
DA:100,0
DA:101,0
DA:102,0
DA:103,0
DA:106,0
DA:107,0
DA:108,0
DA:109,0
DA:110,0
DA:111,0
DA:112,0
DA:116,0
DA:121,0
DA:129,0
DA:131,0
DA:132,0
DA:135,0
DA:136,0
DA:142,0
DA:158,0
DA:201,0
DA:219,0
DA:222,0
DA:223,0
DA:229,0
DA:230,0
DA:243,0
DA:253,0
DA:353,0
DA:363,0
LF:67
LH:0
BRDA:39,0,0,0
BRDA:39,0,1,0
BRDA:43,1,0,0
BRDA:43,1,1,0
BRDA:47,2,0,0
BRDA:47,2,1,0
BRDA:53,3,0,0
BRDA:53,3,1,0
BRDA:54,4,0,0
BRDA:54,4,1,0
BRDA:54,5,0,0
BRDA:54,5,1,0
BRDA:84,6,0,0
BRDA:84,6,1,0
BRDA:87,7,0,0
BRDA:87,7,1,0
BRDA:87,8,0,0
BRDA:87,8,1,0
BRDA:88,9,0,0
BRDA:88,9,1,0
BRDA:89,10,0,0
BRDA:89,10,1,0
BRDA:90,11,0,0
BRDA:90,11,1,0
BRDA:91,12,0,0
BRDA:91,12,1,0
BRDA:91,13,0,0
BRDA:91,13,1,0
BRDA:92,14,0,0
BRDA:92,14,1,0
BRDA:92,15,0,0
BRDA:92,15,1,0
BRDA:93,16,0,0
BRDA:93,16,1,0
BRDA:95,17,0,0
BRDA:95,17,1,0
BRDA:95,18,0,0
BRDA:95,18,1,0
BRDA:95,18,2,0
BRDA:96,19,0,0
BRDA:96,19,1,0
BRDA:96,20,0,0
BRDA:96,20,1,0
BRDA:96,20,2,0
BRDA:107,21,0,0
BRDA:107,21,1,0
BRDA:108,22,0,0
BRDA:108,22,1,0
BRDA:112,23,0,0
BRDA:112,23,1,0
BRDA:112,24,0,0
BRDA:112,24,1,0
BRDA:112,24,2,0
BRDA:120,25,0,0
BRDA:120,25,1,0
BRDA:121,26,0,0
BRDA:121,26,1,0
BRDA:126,27,0,0
BRDA:126,27,1,0
BRDA:129,28,0,0
BRDA:129,28,1,0
BRDA:129,28,2,0
BRDA:129,28,3,0
BRDA:129,28,4,0
BRDA:131,29,0,0
BRDA:131,29,1,0
BRDA:162,30,0,0
BRDA:162,30,1,0
BRDA:163,31,0,0
BRDA:163,31,1,0
BRDA:166,32,0,0
BRDA:166,32,1,0
BRDA:168,33,0,0
BRDA:168,33,1,0
BRDA:172,34,0,0
BRDA:172,34,1,0
BRDA:173,35,0,0
BRDA:173,35,1,0
BRDA:196,36,0,0
BRDA:196,36,1,0
BRDA:206,37,0,0
BRDA:206,37,1,0
BRDA:221,38,0,0
BRDA:221,38,1,0
BRDA:221,38,2,0
BRDA:221,38,3,0
BRDA:222,39,0,0
BRDA:222,39,1,0
BRDA:222,40,0,0
BRDA:222,40,1,0
BRDA:229,41,0,0
BRDA:229,41,1,0
BRDA:229,42,0,0
BRDA:229,42,1,0
BRDA:229,43,0,0
BRDA:229,43,1,0
BRDA:237,44,0,0
BRDA:237,44,1,0
BRDA:246,45,0,0
BRDA:246,45,1,0
BRDA:257,46,0,0
BRDA:257,46,1,0
BRDA:276,47,0,0
BRDA:276,47,1,0
BRDA:279,48,0,0
BRDA:279,48,1,0
BRDA:279,48,2,0
BRDA:286,49,0,0
BRDA:286,49,1,0
BRDA:295,50,0,0
BRDA:295,50,1,0
BRDA:295,50,2,0
BRDA:302,51,0,0
BRDA:302,51,1,0
BRDA:311,52,0,0
BRDA:311,52,1,0
BRDA:312,53,0,0
BRDA:312,53,1,0
BRDA:343,54,0,0
BRDA:343,54,1,0
BRDA:353,55,0,0
BRDA:353,55,1,0
BRDA:360,56,0,0
BRDA:360,56,1,0
BRDA:362,57,0,0
BRDA:362,57,1,0
BRDA:363,58,0,0
BRDA:363,58,1,0
BRDA:368,59,0,0
BRDA:368,59,1,0
BRDA:372,60,0,0
BRDA:372,60,1,0
BRDA:372,61,0,0
BRDA:372,61,1,0
BRDA:375,62,0,0
BRDA:375,62,1,0
BRDA:377,63,0,0
BRDA:377,63,1,0
BRDA:378,64,0,0
BRDA:378,64,1,0
BRF:140
BRH:0
end_of_record
TN:
SF:src\components\campaigns\RecipientTable.tsx
FN:23,Avatar
FN:25,(anonymous_1)
FN:45,RecipientTable
FN:50,(anonymous_3)
FN:72,(anonymous_4)
FN:84,(anonymous_5)
FN:91,(anonymous_6)
FN:93,(anonymous_7)
FN:107,(anonymous_8)
FN:110,(anonymous_9)
FN:146,(anonymous_10)
FN:197,(anonymous_11)
FN:197,(anonymous_12)
FN:207,(anonymous_13)
FN:207,(anonymous_14)
FNF:15
FNH:0
FNDA:0,Avatar
FNDA:0,(anonymous_1)
FNDA:0,RecipientTable
FNDA:0,(anonymous_3)
FNDA:0,(anonymous_4)
FNDA:0,(anonymous_5)
FNDA:0,(anonymous_6)
FNDA:0,(anonymous_7)
FNDA:0,(anonymous_8)
FNDA:0,(anonymous_9)
FNDA:0,(anonymous_10)
FNDA:0,(anonymous_11)
FNDA:0,(anonymous_12)
FNDA:0,(anonymous_13)
FNDA:0,(anonymous_14)
DA:6,0
DA:15,0
DA:24,0
DA:25,0
DA:26,0
DA:27,0
DA:28,0
DA:43,0
DA:46,0
DA:47,0
DA:48,0
DA:50,0
DA:51,0
DA:52,0
DA:53,0
DA:54,0
DA:56,0
DA:59,0
DA:60,0
DA:62,0
DA:72,0
DA:74,0
DA:84,0
DA:92,0
DA:93,0
DA:97,0
DA:108,0
DA:110,0
DA:147,0
DA:148,0
DA:197,0
DA:207,0
LF:32
LH:0
BRDA:24,0,0,0
BRDA:24,0,1,0
BRDA:25,1,0,0
BRDA:25,1,1,0
BRDA:51,2,0,0
BRDA:51,2,1,0
BRDA:51,3,0,0
BRDA:51,3,1,0
BRDA:52,4,0,0
BRDA:52,4,1,0
BRDA:54,5,0,0
BRDA:54,5,1,0
BRDA:54,6,0,0
BRDA:54,6,1,0
BRDA:62,7,0,0
BRDA:62,7,1,0
BRDA:72,8,0,0
BRDA:72,8,1,0
BRDA:72,9,0,0
BRDA:72,9,1,0
BRDA:95,10,0,0
BRDA:95,10,1,0
BRDA:95,11,0,0
BRDA:95,11,1,0
BRDA:95,12,0,0
BRDA:95,12,1,0
BRDA:113,13,0,0
BRDA:113,13,1,0
BRDA:117,14,0,0
BRDA:117,14,1,0
BRDA:118,15,0,0
BRDA:118,15,1,0
BRDA:125,16,0,0
BRDA:125,16,1,0
BRDA:142,17,0,0
BRDA:142,17,1,0
BRDA:162,18,0,0
BRDA:162,18,1,0
BRDA:169,19,0,0
BRDA:169,19,1,0
BRDA:174,20,0,0
BRDA:174,20,1,0
BRDA:189,21,0,0
BRDA:189,21,1,0
BRF:44
BRH:0
end_of_record
TN:
SF:src\components\campaigns\WizardStep1Template.tsx
FN:29,WizardStep1Template
FN:47,(anonymous_1)
FN:57,(anonymous_2)
FN:61,(anonymous_3)
FN:62,(anonymous_4)
FN:67,(anonymous_5)
FN:83,(anonymous_6)
FN:99,(anonymous_7)
FN:104,(anonymous_8)
FN:107,(anonymous_9)
FN:122,(anonymous_10)
FN:141,(anonymous_11)
FN:163,(anonymous_12)
FN:176,(anonymous_13)
FN:182,(anonymous_14)
FN:207,(anonymous_15)
FN:242,(anonymous_16)
FN:254,(anonymous_17)
FN:263,(anonymous_18)
FN:272,(anonymous_19)
FNF:20
FNH:0
FNDA:0,WizardStep1Template
FNDA:0,(anonymous_1)
FNDA:0,(anonymous_2)
FNDA:0,(anonymous_3)
FNDA:0,(anonymous_4)
FNDA:0,(anonymous_5)
FNDA:0,(anonymous_6)
FNDA:0,(anonymous_7)
FNDA:0,(anonymous_8)
FNDA:0,(anonymous_9)
FNDA:0,(anonymous_10)
FNDA:0,(anonymous_11)
FNDA:0,(anonymous_12)
FNDA:0,(anonymous_13)
FNDA:0,(anonymous_14)
FNDA:0,(anonymous_15)
FNDA:0,(anonymous_16)
FNDA:0,(anonymous_17)
FNDA:0,(anonymous_18)
FNDA:0,(anonymous_19)
DA:10,0
DA:21,0
DA:34,0
DA:42,0
DA:43,0
DA:44,0
DA:45,0
DA:47,0
DA:48,0
DA:49,0
DA:50,0
DA:53,0
DA:57,0
DA:58,0
DA:61,0
DA:62,0
DA:63,0
DA:66,0
DA:67,0
DA:68,0
DA:69,0
DA:70,0
DA:71,0
DA:72,0
DA:75,0
DA:83,0
DA:99,0
DA:105,0
DA:107,0
DA:123,0
DA:141,0
DA:163,0
DA:177,0
DA:178,0
DA:179,0
DA:182,0
DA:208,0
DA:243,0
DA:244,0
DA:245,0
DA:255,0
DA:256,0
DA:258,0
DA:264,0
DA:272,0
LF:45
LH:0
BRDA:47,0,0,0
BRDA:47,0,1,0
BRDA:48,1,0,0
BRDA:48,1,1,0
BRDA:48,2,0,0
BRDA:48,2,1,0
BRDA:49,3,0,0
BRDA:49,3,1,0
BRDA:49,4,0,0
BRDA:49,4,1,0
BRDA:53,5,0,0
BRDA:53,5,1,0
BRDA:54,6,0,0
BRDA:54,6,1,0
BRDA:54,7,0,0
BRDA:54,7,1,0
BRDA:54,8,0,0
BRDA:54,8,1,0
BRDA:54,9,0,0
BRDA:54,9,1,0
BRDA:68,10,0,0
BRDA:68,10,1,0
BRDA:69,11,0,0
BRDA:69,11,1,0
BRDA:70,12,0,0
BRDA:70,12,1,0
BRDA:71,13,0,0
BRDA:71,13,1,0
BRDA:110,14,0,0
BRDA:110,14,1,0
BRDA:120,15,0,0
BRDA:120,15,1,0
BRDA:129,16,0,0
BRDA:129,16,1,0
BRDA:129,16,2,0
BRDA:136,17,0,0
BRDA:136,17,1,0
BRDA:145,18,0,0
BRDA:145,18,1,0
BRDA:146,19,0,0
BRDA:146,19,1,0
BRDA:153,20,0,0
BRDA:153,20,1,0
BRDA:153,20,2,0
BRDA:153,20,3,0
BRDA:174,21,0,0
BRDA:174,21,1,0
BRDA:174,21,2,0
BRDA:174,21,3,0
BRDA:178,22,0,0
BRDA:178,22,1,0
BRDA:178,23,0,0
BRDA:178,23,1,0
BRDA:182,24,0,0
BRDA:182,24,1,0
BRDA:185,25,0,0
BRDA:185,25,1,0
BRDA:200,26,0,0
BRDA:200,26,1,0
BRDA:202,27,0,0
BRDA:202,27,1,0
BRDA:207,28,0,0
BRDA:207,28,1,0
BRDA:208,29,0,0
BRDA:208,29,1,0
BRDA:216,30,0,0
BRDA:216,30,1,0
BRDA:218,31,0,0
BRDA:218,31,1,0
BRDA:225,32,0,0
BRDA:225,32,1,0
BRDA:236,33,0,0
BRDA:236,33,1,0
BRDA:236,33,2,0
BRDA:243,34,0,0
BRDA:243,34,1,0
BRDA:253,35,0,0
BRDA:253,35,1,0
BRDA:255,36,0,0
BRDA:255,36,1,0
BRDA:256,37,0,0
BRDA:256,37,1,0
BRDA:267,38,0,0
BRDA:267,38,1,0
BRDA:267,38,2,0
BRDA:271,39,0,0
BRDA:271,39,1,0
BRDA:289,40,0,0
BRDA:289,40,1,0
BRDA:289,40,2,0
BRDA:289,40,3,0
BRDA:289,40,4,0
BRDA:289,40,5,0
BRDA:292,41,0,0
BRDA:292,41,1,0
BRF:95
BRH:0
end_of_record
TN:
SF:src\components\campaigns\WizardStep2Audience.tsx
FN:35,parseCSVHeaders
FN:38,(anonymous_1)
FN:39,(anonymous_2)
FN:40,(anonymous_3)
FN:41,(anonymous_4)
FN:46,WizardStep2Audience
FN:77,(anonymous_6)
FN:81,(anonymous_7)
FN:89,(anonymous_8)
FN:100,(anonymous_9)
FN:101,(anonymous_10)
FN:134,(anonymous_11)
FN:140,(anonymous_12)
FN:163,(anonymous_13)
FN:187,(anonymous_14)
FN:201,(anonymous_15)
FN:226,(anonymous_16)
FN:239,(anonymous_17)
FN:245,(anonymous_18)
FN:251,(anonymous_19)
FN:283,(anonymous_20)
FN:284,(anonymous_21)
FN:285,(anonymous_22)
FN:286,(anonymous_23)
FN:292,(anonymous_24)
FN:307,(anonymous_25)
FN:324,(anonymous_26)
FN:333,(anonymous_27)
FN:335,(anonymous_28)
FN:355,(anonymous_29)
FN:358,(anonymous_30)
FN:359,(anonymous_31)
FN:402,(anonymous_32)
FNF:33
FNH:0
FNDA:0,parseCSVHeaders
FNDA:0,(anonymous_1)
FNDA:0,(anonymous_2)
FNDA:0,(anonymous_3)
FNDA:0,(anonymous_4)
FNDA:0,WizardStep2Audience
FNDA:0,(anonymous_6)
FNDA:0,(anonymous_7)
FNDA:0,(anonymous_8)
FNDA:0,(anonymous_9)
FNDA:0,(anonymous_10)
FNDA:0,(anonymous_11)
FNDA:0,(anonymous_12)
FNDA:0,(anonymous_13)
FNDA:0,(anonymous_14)
FNDA:0,(anonymous_15)
FNDA:0,(anonymous_16)
FNDA:0,(anonymous_17)
FNDA:0,(anonymous_18)
FNDA:0,(anonymous_19)
FNDA:0,(anonymous_20)
FNDA:0,(anonymous_21)
FNDA:0,(anonymous_22)
FNDA:0,(anonymous_23)
FNDA:0,(anonymous_24)
FNDA:0,(anonymous_25)
FNDA:0,(anonymous_26)
FNDA:0,(anonymous_27)
FNDA:0,(anonymous_28)
FNDA:0,(anonymous_29)
FNDA:0,(anonymous_30)
FNDA:0,(anonymous_31)
FNDA:0,(anonymous_32)
DA:25,0
DA:36,0
DA:37,0
DA:38,0
DA:39,0
DA:40,0
DA:41,0
DA:43,0
DA:55,0
DA:56,0
DA:57,0
DA:58,0
DA:59,0
DA:67,0
DA:75,0
DA:77,0
DA:78,0
DA:79,0
DA:80,0
DA:81,0
DA:82,0
DA:83,0
DA:84,0
DA:85,0
DA:86,0
DA:87,0
DA:88,0
DA:89,0
DA:90,0
DA:91,0
DA:92,0
DA:93,0
DA:95,0
DA:97,0
DA:100,0
DA:101,0
DA:102,0
DA:105,0
DA:107,0
DA:108,0
DA:109,0
DA:111,0
DA:130,0
DA:135,0
DA:136,0
DA:137,0
DA:140,0
DA:163,0
DA:188,0
DA:201,0
DA:226,0
DA:240,0
DA:246,0
DA:247,0
DA:248,0
DA:251,0
DA:283,0
DA:284,0
DA:285,0
DA:286,0
DA:292,0
DA:307,0
DA:325,0
DA:326,0
DA:333,0
DA:335,0
DA:355,0
DA:359,0
DA:403,0
DA:404,0
LF:70
LH:0
BRDA:37,0,0,0
BRDA:37,0,1,0
BRDA:41,1,0,0
BRDA:41,1,1,0
BRDA:52,2,0,0
BRDA:75,3,0,0
BRDA:75,3,1,0
BRDA:78,4,0,0
BRDA:78,4,1,0
BRDA:91,5,0,0
BRDA:91,5,1,0
BRDA:91,6,0,0
BRDA:91,6,1,0
BRDA:91,6,2,0
BRDA:92,7,0,0
BRDA:92,7,1,0
BRDA:93,8,0,0
BRDA:93,8,1,0
BRDA:101,9,0,0
BRDA:101,9,1,0
BRDA:105,10,0,0
BRDA:105,10,1,0
BRDA:105,11,0,0
BRDA:105,11,1,0
BRDA:107,12,0,0
BRDA:107,12,1,0
BRDA:108,13,0,0
BRDA:108,13,1,0
BRDA:109,14,0,0
BRDA:109,14,1,0
BRDA:112,15,0,0
BRDA:112,15,1,0
BRDA:117,16,0,0
BRDA:117,16,1,0
BRDA:124,17,0,0
BRDA:124,17,1,0
BRDA:124,18,0,0
BRDA:124,18,1,0
BRDA:133,19,0,0
BRDA:133,19,1,0
BRDA:143,20,0,0
BRDA:143,20,1,0
BRDA:146,21,0,0
BRDA:146,21,1,0
BRDA:147,22,0,0
BRDA:147,22,1,0
BRDA:157,23,0,0
BRDA:157,23,1,0
BRDA:157,23,2,0
BRDA:157,23,3,0
BRDA:167,24,0,0
BRDA:167,24,1,0
BRDA:175,25,0,0
BRDA:175,25,1,0
BRDA:179,26,0,0
BRDA:179,26,1,0
BRDA:183,27,0,0
BRDA:183,27,1,0
BRDA:190,28,0,0
BRDA:190,28,1,0
BRDA:193,29,0,0
BRDA:193,29,1,0
BRDA:196,30,0,0
BRDA:196,30,1,0
BRDA:199,31,0,0
BRDA:199,31,1,0
BRDA:215,32,0,0
BRDA:215,32,1,0
BRDA:220,33,0,0
BRDA:220,33,1,0
BRDA:220,33,2,0
BRDA:230,34,0,0
BRDA:230,34,1,0
BRDA:238,35,0,0
BRDA:238,35,1,0
BRDA:242,36,0,0
BRDA:242,36,1,0
BRDA:242,37,0,0
BRDA:242,37,1,0
BRDA:242,38,0,0
BRDA:242,38,1,0
BRDA:244,39,0,0
BRDA:244,39,1,0
BRDA:245,40,0,0
BRDA:245,40,1,0
BRDA:246,41,0,0
BRDA:246,41,1,0
BRDA:246,42,0,0
BRDA:246,42,1,0
BRDA:246,42,2,0
BRDA:254,43,0,0
BRDA:254,43,1,0
BRDA:258,44,0,0
BRDA:258,44,1,0
BRDA:258,44,2,0
BRDA:267,45,0,0
BRDA:267,45,1,0
BRDA:269,46,0,0
BRDA:269,46,1,0
BRDA:279,47,0,0
BRDA:279,47,1,0
BRDA:281,48,0,0
BRDA:281,48,1,0
BRDA:285,49,0,0
BRDA:285,49,1,0
BRDA:289,50,0,0
BRDA:289,50,1,0
BRDA:292,51,0,0
BRDA:292,51,1,0
BRDA:313,52,0,0
BRDA:313,52,1,0
BRDA:325,53,0,0
BRDA:325,53,1,0
BRDA:337,54,0,0
BRDA:337,54,1,0
BRDA:339,55,0,0
BRDA:339,55,1,0
BRDA:345,56,0,0
BRDA:345,56,1,0
BRDA:351,57,0,0
BRDA:351,57,1,0
BRDA:359,58,0,0
BRDA:359,58,1,0
BRDA:369,59,0,0
BRDA:369,59,1,0
BRDA:369,59,2,0
BRDA:394,60,0,0
BRDA:394,60,1,0
BRDA:394,60,2,0
BRDA:394,60,3,0
BRDA:394,60,4,0
BRDA:394,60,5,0
BRDA:394,60,6,0
BRF:133
BRH:0
end_of_record
TN:
SF:src\components\campaigns\WizardStep3Schedule.tsx
FN:58,getEstimatedMinutes
FN:63,WizardStep3Schedule
FN:81,(anonymous_2)
FN:98,(anonymous_3)
FN:104,(anonymous_4)
FN:131,(anonymous_5)
FN:140,(anonymous_6)
FN:149,(anonymous_7)
FN:151,(anonymous_8)
FN:170,(anonymous_9)
FN:175,(anonymous_10)
FN:220,(anonymous_11)
FN:248,(anonymous_12)
FNF:13
FNH:0
FNDA:0,getEstimatedMinutes
FNDA:0,WizardStep3Schedule
FNDA:0,(anonymous_2)
FNDA:0,(anonymous_3)
FNDA:0,(anonymous_4)
FNDA:0,(anonymous_5)
FNDA:0,(anonymous_6)
FNDA:0,(anonymous_7)
FNDA:0,(anonymous_8)
FNDA:0,(anonymous_9)
FNDA:0,(anonymous_10)
FNDA:0,(anonymous_11)
FNDA:0,(anonymous_12)
DA:25,0
DA:35,0
DA:59,0
DA:60,0
DA:73,0
DA:74,0
DA:76,0
DA:77,0
DA:78,0
DA:79,0
DA:80,0
DA:81,0
DA:82,0
DA:86,0
DA:87,0
DA:88,0
DA:89,0
DA:91,0
DA:99,0
DA:100,0
DA:101,0
DA:104,0
DA:131,0
DA:140,0
DA:149,0
DA:151,0
DA:171,0
DA:172,0
DA:175,0
DA:220,0
DA:248,0
LF:31
LH:0
BRDA:59,0,0,0
BRDA:59,0,1,0
BRDA:59,1,0,0
BRDA:59,1,1,0
BRDA:74,2,0,0
BRDA:74,2,1,0
BRDA:77,3,0,0
BRDA:77,3,1,0
BRDA:77,4,0,0
BRDA:77,4,1,0
BRDA:77,4,2,0
BRDA:81,5,0,0
BRDA:81,5,1,0
BRDA:88,6,0,0
BRDA:88,6,1,0
BRDA:89,7,0,0
BRDA:89,7,1,0
BRDA:107,8,0,0
BRDA:107,8,1,0
BRDA:110,9,0,0
BRDA:110,9,1,0
BRDA:111,10,0,0
BRDA:111,10,1,0
BRDA:121,11,0,0
BRDA:121,11,1,0
BRDA:154,12,0,0
BRDA:154,12,1,0
BRDA:178,13,0,0
BRDA:178,13,1,0
BRDA:181,14,0,0
BRDA:181,14,1,0
BRDA:182,15,0,0
BRDA:182,15,1,0
BRDA:187,16,0,0
BRDA:187,16,1,0
BRDA:198,17,0,0
BRDA:198,17,1,0
BRDA:198,18,0,0
BRDA:198,18,1,0
BRDA:221,19,0,0
BRDA:221,19,1,0
BRDA:223,20,0,0
BRDA:223,20,1,0
BRDA:227,21,0,0
BRDA:227,21,1,0
BRF:45
BRH:0
end_of_record
TN:
SF:src\components\campaigns\WizardStep4Review.tsx
FN:33,ChecklistItem
FN:45,WizardStep4Review
FN:62,(anonymous_2)
FN:96,(anonymous_3)
FN:125,(anonymous_4)
FN:166,(anonymous_5)
FN:187,(anonymous_6)
FNF:7
FNH:0
FNDA:0,ChecklistItem
FNDA:0,WizardStep4Review
FNDA:0,(anonymous_2)
FNDA:0,(anonymous_3)
FNDA:0,(anonymous_4)
FNDA:0,(anonymous_5)
FNDA:0,(anonymous_6)
DA:27,0
DA:34,0
DA:52,0
DA:53,0
DA:54,0
DA:55,0
DA:57,0
DA:61,0
DA:62,0
DA:63,0
DA:64,0
DA:65,0
DA:66,0
DA:69,0
DA:70,0
DA:71,0
DA:72,0
DA:73,0
DA:77,0
DA:85,0
DA:97,0
DA:126,0
DA:167,0
DA:187,0
LF:24
LH:0
BRDA:36,0,0,0
BRDA:36,0,1,0
BRDA:40,1,0,0
BRDA:40,1,1,0
BRDA:54,2,0,0
BRDA:54,2,1,0
BRDA:55,3,0,0
BRDA:55,3,1,0
BRDA:55,3,2,0
BRDA:57,4,0,0
BRDA:57,4,1,0
BRDA:63,5,0,0
BRDA:63,5,1,0
BRDA:64,6,0,0
BRDA:64,6,1,0
BRDA:65,7,0,0
BRDA:65,7,1,0
BRDA:70,8,0,0
BRDA:70,8,1,0
BRDA:70,9,0,0
BRDA:70,9,1,0
BRDA:70,9,2,0
BRDA:77,10,0,0
BRDA:77,10,1,0
BRDA:79,11,0,0
BRDA:79,11,1,0
BRDA:81,12,0,0
BRDA:81,12,1,0
BRDA:93,13,0,0
BRDA:93,13,1,0
BRDA:95,14,0,0
BRDA:95,14,1,0
BRDA:107,15,0,0
BRDA:107,15,1,0
BRDA:122,16,0,0
BRDA:122,16,1,0
BRDA:129,17,0,0
BRDA:129,17,1,0
BRDA:164,18,0,0
BRDA:164,18,1,0
BRDA:177,19,0,0
BRDA:177,19,1,0
BRDA:202,20,0,0
BRDA:202,20,1,0
BRDA:209,21,0,0
BRDA:209,21,1,0
BRDA:217,22,0,0
BRDA:217,22,1,0
BRF:48
BRH:0
end_of_record
TN:
SF:src\components\contacts\BulkActionsBar.tsx
FN:20,BulkActionsBar
FNF:1
FNH:0
FNDA:0,BulkActionsBar
DA:25,0
DA:27,0
LF:2
LH:0
BRDA:25,0,0,0
BRDA:25,0,1,0
BRDA:32,1,0,0
BRDA:32,1,1,0
BRDA:34,2,0,0
BRDA:34,2,1,0
BRDA:79,3,0,0
BRDA:79,3,1,0
BRF:8
BRH:0
end_of_record
TN:
SF:src\components\contacts\ContactCard.tsx
FN:22,ContactAvatar
FN:44,ContactCard
FN:51,(anonymous_2)
FN:54,(anonymous_3)
FN:55,(anonymous_4)
FN:59,(anonymous_5)
FN:59,(anonymous_6)
FN:63,(anonymous_7)
FN:64,(anonymous_8)
FN:65,(anonymous_9)
FN:83,(anonymous_10)
FN:106,(anonymous_11)
FN:107,(anonymous_12)
FN:110,(anonymous_13)
FNF:14
FNH:0
FNDA:0,ContactAvatar
FNDA:0,ContactCard
FNDA:0,(anonymous_2)
FNDA:0,(anonymous_3)
FNDA:0,(anonymous_4)
FNDA:0,(anonymous_5)
FNDA:0,(anonymous_6)
FNDA:0,(anonymous_7)
FNDA:0,(anonymous_8)
FNDA:0,(anonymous_9)
FNDA:0,(anonymous_10)
FNDA:0,(anonymous_11)
FNDA:0,(anonymous_12)
FNDA:0,(anonymous_13)
DA:6,0
DA:15,0
DA:23,0
DA:24,0
DA:25,0
DA:26,0
DA:28,0
DA:45,0
DA:46,0
DA:48,0
DA:51,0
DA:54,0
DA:59,0
DA:63,0
DA:64,0
DA:65,0
DA:84,0
DA:106,0
DA:107,0
DA:110,0
LF:20
LH:0
BRDA:22,0,0,0
BRDA:24,1,0,0
BRDA:24,1,1,0
BRDA:24,2,0,0
BRDA:24,2,1,0
BRDA:25,3,0,0
BRDA:25,3,1,0
BRDA:50,4,0,0
BRDA:50,4,1,0
BRDA:61,5,0,0
BRDA:61,5,1,0
BRDA:81,6,0,0
BRDA:81,6,1,0
BRF:13
BRH:0
end_of_record
TN:
SF:src\components\contacts\ContactChatPanel.tsx
FN:34,extractConversationId
FN:46,ContactChatPanel
FN:64,handleSendTemplate
FN:103,goToInbox
FN:182,(anonymous_4)
FN:185,(anonymous_5)
FNF:6
FNH:0
FNDA:0,extractConversationId
FNDA:0,ContactChatPanel
FNDA:0,handleSendTemplate
FNDA:0,goToInbox
FNDA:0,(anonymous_4)
FNDA:0,(anonymous_5)
DA:35,0
DA:36,0
DA:47,0
DA:48,0
DA:49,0
DA:54,0
DA:56,0
DA:57,0
DA:62,0
DA:65,0
DA:66,0
DA:67,0
DA:68,0
DA:69,0
DA:74,0
DA:75,0
DA:76,0
DA:77,0
DA:79,0
DA:80,0
DA:82,0
DA:95,0
DA:97,0
DA:99,0
DA:104,0
DA:105,0
DA:108,0
LF:27
LH:0
BRDA:35,0,0,0
BRDA:35,0,1,0
BRDA:37,1,0,0
BRDA:37,1,1,0
BRDA:37,1,2,0
BRDA:37,1,3,0
BRDA:37,1,4,0
BRDA:37,1,5,0
BRDA:68,2,0,0
BRDA:68,2,1,0
BRDA:74,3,0,0
BRDA:74,3,1,0
BRDA:75,4,0,0
BRDA:75,4,1,0
BRDA:104,5,0,0
BRDA:104,5,1,0
BRDA:128,6,0,0
BRDA:128,6,1,0
BRDA:180,7,0,0
BRDA:180,7,1,0
BRDA:186,8,0,0
BRDA:186,8,1,0
BRF:22
BRH:0
end_of_record
TN:
SF:src\components\contacts\ContactFilters.tsx
FN:23,fmt
FN:27,getQuickRange
FN:50,ContactFilters
FN:54,(anonymous_3)
FN:56,(anonymous_4)
FN:58,(anonymous_5)
FN:61,(anonymous_6)
FN:71,(anonymous_7)
FN:84,(anonymous_8)
FN:105,(anonymous_9)
FN:111,(anonymous_10)
FN:113,(anonymous_11)
FN:125,(anonymous_12)
FN:131,(anonymous_13)
FN:147,(anonymous_14)
FN:150,(anonymous_15)
FN:169,(anonymous_16)
FN:178,(anonymous_17)
FN:194,(anonymous_18)
FN:203,(anonymous_19)
FN:219,(anonymous_20)
FNF:21
FNH:0
FNDA:0,fmt
FNDA:0,getQuickRange
FNDA:0,ContactFilters
FNDA:0,(anonymous_3)
FNDA:0,(anonymous_4)
FNDA:0,(anonymous_5)
FNDA:0,(anonymous_6)
FNDA:0,(anonymous_7)
FNDA:0,(anonymous_8)
FNDA:0,(anonymous_9)
FNDA:0,(anonymous_10)
FNDA:0,(anonymous_11)
FNDA:0,(anonymous_12)
FNDA:0,(anonymous_13)
FNDA:0,(anonymous_14)
FNDA:0,(anonymous_15)
FNDA:0,(anonymous_16)
FNDA:0,(anonymous_17)
FNDA:0,(anonymous_18)
FNDA:0,(anonymous_19)
FNDA:0,(anonymous_20)
DA:13,0
DA:24,0
DA:28,0
DA:29,0
DA:30,0
DA:32,0
DA:34,0
DA:35,0
DA:36,0
DA:39,0
DA:40,0
DA:43,0
DA:44,0
DA:45,0
DA:51,0
DA:52,0
DA:54,0
DA:56,0
DA:57,0
DA:58,0
DA:61,0
DA:62,0
DA:63,0
DA:64,0
DA:66,0
DA:67,0
DA:71,0
DA:72,0
DA:73,0
DA:76,0
DA:84,0
DA:86,0
DA:105,0
DA:112,0
DA:113,0
DA:126,0
DA:131,0
DA:148,0
DA:150,0
DA:169,0
DA:178,0
DA:194,0
DA:203,0
DA:219,0
LF:44
LH:0
BRDA:30,0,0,0
BRDA:30,0,1,0
BRDA:30,0,2,0
BRDA:30,0,3,0
BRDA:57,1,0,0
BRDA:57,1,1,0
BRDA:58,2,0,0
BRDA:58,2,1,0
BRDA:62,3,0,0
BRDA:62,3,1,0
BRDA:77,4,0,0
BRDA:77,4,1,0
BRDA:79,5,0,0
BRDA:79,5,1,0
BRDA:80,6,0,0
BRDA:80,6,1,0
BRDA:81,7,0,0
BRDA:81,7,1,0
BRDA:84,8,0,0
BRDA:84,8,1,0
BRDA:93,9,0,0
BRDA:93,9,1,0
BRDA:107,10,0,0
BRDA:107,10,1,0
BRDA:113,11,0,0
BRDA:113,11,1,0
BRDA:130,12,0,0
BRDA:130,12,1,0
BRDA:136,13,0,0
BRDA:136,13,1,0
BRDA:153,14,0,0
BRDA:153,14,1,0
BRDA:168,15,0,0
BRDA:168,15,1,0
BRDA:169,16,0,0
BRDA:169,16,1,0
BRDA:177,17,0,0
BRDA:177,17,1,0
BRDA:178,18,0,0
BRDA:178,18,1,0
BRDA:193,19,0,0
BRDA:193,19,1,0
BRDA:194,20,0,0
BRDA:194,20,1,0
BRDA:202,21,0,0
BRDA:202,21,1,0
BRDA:203,22,0,0
BRDA:203,22,1,0
BRDA:218,23,0,0
BRDA:218,23,1,0
BRDA:219,24,0,0
BRDA:219,24,1,0
BRDA:228,25,0,0
BRDA:228,25,1,0
BRF:54
BRH:0
end_of_record
TN:
SF:src\components\contacts\ContactForm.tsx
FN:13,stripCountryCode
FN:40,ContactForm
FN:63,(anonymous_2)
FN:64,(anonymous_3)
FN:67,(anonymous_4)
FN:86,(anonymous_5)
FN:123,(anonymous_6)
FN:157,(anonymous_7)
FN:158,(anonymous_8)
FN:182,(anonymous_9)
FN:183,(anonymous_10)
FN:196,(anonymous_11)
FN:212,(anonymous_12)
FN:213,(anonymous_13)
FNF:14
FNH:0
FNDA:0,stripCountryCode
FNDA:0,ContactForm
FNDA:0,(anonymous_2)
FNDA:0,(anonymous_3)
FNDA:0,(anonymous_4)
FNDA:0,(anonymous_5)
FNDA:0,(anonymous_6)
FNDA:0,(anonymous_7)
FNDA:0,(anonymous_8)
FNDA:0,(anonymous_9)
FNDA:0,(anonymous_10)
FNDA:0,(anonymous_11)
FNDA:0,(anonymous_12)
FNDA:0,(anonymous_13)
DA:11,0
DA:14,0
DA:15,0
DA:16,0
DA:19,0
DA:41,0
DA:42,0
DA:43,0
DA:44,0
DA:46,0
DA:61,0
DA:63,0
DA:64,0
DA:67,0
DA:68,0
DA:76,0
DA:77,0
DA:78,0
DA:79,0
DA:86,0
DA:87,0
DA:88,0
DA:91,0
DA:93,0
DA:123,0
DA:158,0
DA:183,0
DA:196,0
DA:212,0
DA:213,0
LF:30
LH:0
BRDA:14,0,0,0
BRDA:14,0,1,0
BRDA:15,1,0,0
BRDA:15,1,1,0
BRDA:16,2,0,0
BRDA:16,2,1,0
BRDA:16,3,0,0
BRDA:16,3,1,0
BRDA:49,4,0,0
BRDA:49,4,1,0
BRDA:51,5,0,0
BRDA:51,5,1,0
BRDA:52,6,0,0
BRDA:52,6,1,0
BRDA:53,7,0,0
BRDA:53,7,1,0
BRDA:54,8,0,0
BRDA:54,8,1,0
BRDA:55,9,0,0
BRDA:55,9,1,0
BRDA:56,10,0,0
BRDA:56,10,1,0
BRDA:57,11,0,0
BRDA:57,11,1,0
BRDA:61,12,0,0
BRDA:61,12,1,0
BRDA:64,13,0,0
BRDA:64,13,1,0
BRDA:71,14,0,0
BRDA:71,14,1,0
BRDA:72,15,0,0
BRDA:72,15,1,0
BRDA:73,16,0,0
BRDA:73,16,1,0
BRDA:76,17,0,0
BRDA:76,17,1,0
BRDA:78,18,0,0
BRDA:78,18,1,0
BRDA:87,19,0,0
BRDA:87,19,1,0
BRDA:88,20,0,0
BRDA:88,20,1,0
BRDA:91,21,0,0
BRDA:91,21,1,0
BRDA:99,22,0,0
BRDA:99,22,1,0
BRDA:112,23,0,0
BRDA:112,23,1,0
BRDA:128,24,0,0
BRDA:128,24,1,0
BRDA:160,25,0,0
BRDA:160,25,1,0
BRDA:184,26,0,0
BRDA:184,26,1,0
BRDA:185,27,0,0
BRDA:185,27,1,0
BRDA:195,28,0,0
BRDA:195,28,1,0
BRDA:202,29,0,0
BRDA:202,29,1,0
BRDA:207,30,0,0
BRDA:207,30,1,0
BRDA:207,30,2,0
BRF:63
BRH:0
end_of_record
TN:
SF:src\components\contacts\ContactImport.tsx
FN:21,parseCSV
FN:22,(anonymous_1)
FN:23,(anonymous_2)
FN:24,(anonymous_3)
FN:25,(anonymous_4)
FN:26,(anonymous_5)
FN:31,normalizePhone
FN:41,ContactImport
FN:53,(anonymous_8)
FN:54,(anonymous_9)
FN:58,(anonymous_10)
FN:64,(anonymous_11)
FN:69,(anonymous_12)
FN:86,(anonymous_13)
FN:91,(anonymous_14)
FN:99,(anonymous_15)
FN:106,(anonymous_16)
FN:124,(anonymous_17)
FN:155,(anonymous_18)
FN:156,(anonymous_19)
FN:157,(anonymous_20)
FN:158,(anonymous_21)
FN:161,(anonymous_22)
FN:168,(anonymous_23)
FN:193,(anonymous_24)
FN:228,(anonymous_25)
FN:228,(anonymous_26)
FN:237,(anonymous_27)
FNF:28
FNH:0
FNDA:0,parseCSV
FNDA:0,(anonymous_1)
FNDA:0,(anonymous_2)
FNDA:0,(anonymous_3)
FNDA:0,(anonymous_4)
FNDA:0,(anonymous_5)
FNDA:0,normalizePhone
FNDA:0,ContactImport
FNDA:0,(anonymous_8)
FNDA:0,(anonymous_9)
FNDA:0,(anonymous_10)
FNDA:0,(anonymous_11)
FNDA:0,(anonymous_12)
FNDA:0,(anonymous_13)
FNDA:0,(anonymous_14)
FNDA:0,(anonymous_15)
FNDA:0,(anonymous_16)
FNDA:0,(anonymous_17)
FNDA:0,(anonymous_18)
FNDA:0,(anonymous_19)
FNDA:0,(anonymous_20)
FNDA:0,(anonymous_21)
FNDA:0,(anonymous_22)
FNDA:0,(anonymous_23)
FNDA:0,(anonymous_24)
FNDA:0,(anonymous_25)
FNDA:0,(anonymous_26)
FNDA:0,(anonymous_27)
DA:22,0
DA:23,0
DA:24,0
DA:25,0
DA:26,0
DA:28,0
DA:32,0
DA:42,0
DA:43,0
DA:44,0
DA:45,0
DA:46,0
DA:47,0
DA:48,0
DA:49,0
DA:50,0
DA:51,0
DA:53,0
DA:54,0
DA:58,0
DA:59,0
DA:60,0
DA:61,0
DA:63,0
DA:64,0
DA:65,0
DA:66,0
DA:67,0
DA:68,0
DA:69,0
DA:70,0
DA:71,0
DA:72,0
DA:73,0
DA:74,0
DA:75,0
DA:76,0
DA:78,0
DA:79,0
DA:81,0
DA:84,0
DA:86,0
DA:87,0
DA:90,0
DA:92,0
DA:93,0
DA:94,0
DA:96,0
DA:100,0
DA:101,0
DA:106,0
DA:110,0
DA:112,0
DA:125,0
DA:155,0
DA:156,0
DA:157,0
DA:158,0
DA:161,0
DA:169,0
DA:194,0
DA:228,0
DA:237,0
LF:63
LH:0
BRDA:26,0,0,0
BRDA:26,0,1,0
BRDA:41,1,0,0
BRDA:51,2,0,0
BRDA:51,2,1,0
BRDA:59,3,0,0
BRDA:59,3,1,0
BRDA:71,4,0,0
BRDA:71,4,1,0
BRDA:71,5,0,0
BRDA:71,5,1,0
BRDA:71,5,2,0
BRDA:72,6,0,0
BRDA:72,6,1,0
BRDA:73,7,0,0
BRDA:73,7,1,0
BRDA:74,8,0,0
BRDA:74,8,1,0
BRDA:75,9,0,0
BRDA:75,9,1,0
BRDA:76,10,0,0
BRDA:76,10,1,0
BRDA:87,11,0,0
BRDA:87,11,1,0
BRDA:87,12,0,0
BRDA:87,12,1,0
BRDA:87,12,2,0
BRDA:92,13,0,0
BRDA:92,13,1,0
BRDA:100,14,0,0
BRDA:100,14,1,0
BRDA:128,15,0,0
BRDA:128,15,1,0
BRDA:128,16,0,0
BRDA:128,16,1,0
BRDA:129,17,0,0
BRDA:129,17,1,0
BRDA:131,18,0,0
BRDA:131,18,1,0
BRDA:133,19,0,0
BRDA:133,19,1,0
BRDA:133,20,0,0
BRDA:133,20,1,0
BRDA:152,21,0,0
BRDA:152,21,1,0
BRDA:157,22,0,0
BRDA:157,22,1,0
BRDA:159,23,0,0
BRDA:159,23,1,0
BRDA:161,24,0,0
BRDA:161,24,1,0
BRDA:196,25,0,0
BRDA:196,25,1,0
BRDA:196,26,0,0
BRDA:196,26,1,0
BRDA:205,27,0,0
BRDA:205,27,1,0
BRDA:205,27,2,0
BRDA:216,28,0,0
BRDA:216,28,1,0
BRDA:216,28,2,0
BRDA:226,29,0,0
BRDA:226,29,1,0
BRDA:228,30,0,0
BRDA:228,30,1,0
BRDA:229,31,0,0
BRDA:229,31,1,0
BRDA:233,32,0,0
BRDA:233,32,1,0
BRDA:233,32,2,0
BRDA:233,32,3,0
BRDA:233,32,4,0
BRDA:233,32,5,0
BRDA:236,33,0,0
BRDA:236,33,1,0
BRDA:236,33,2,0
BRDA:236,33,3,0
BRDA:236,33,4,0
BRDA:237,34,0,0
BRDA:237,34,1,0
BRDA:237,35,0,0
BRDA:237,35,1,0
BRDA:239,36,0,0
BRDA:239,36,1,0
BRDA:240,37,0,0
BRDA:240,37,1,0
BRDA:241,38,0,0
BRDA:241,38,1,0
BRF:88
BRH:0
end_of_record
TN:
SF:src\components\contacts\ContactImportMapper.tsx
FN:13,normalizePhone
FN:43,ContactImportMapper
FN:45,(anonymous_2)
FN:47,(anonymous_3)
FN:79,(anonymous_4)
FN:81,(anonymous_5)
FN:89,(anonymous_6)
FN:91,(anonymous_7)
FN:117,(anonymous_8)
FN:122,(anonymous_9)
FNF:10
FNH:0
FNDA:0,normalizePhone
FNDA:0,ContactImportMapper
FNDA:0,(anonymous_2)
FNDA:0,(anonymous_3)
FNDA:0,(anonymous_4)
FNDA:0,(anonymous_5)
FNDA:0,(anonymous_6)
FNDA:0,(anonymous_7)
FNDA:0,(anonymous_8)
FNDA:0,(anonymous_9)
DA:11,0
DA:14,0
DA:17,0
DA:27,0
DA:44,0
DA:45,0
DA:47,0
DA:48,0
DA:49,0
DA:50,0
DA:51,0
DA:52,0
DA:53,0
DA:54,0
DA:55,0
DA:56,0
DA:58,0
DA:61,0
DA:80,0
DA:81,0
DA:82,0
DA:83,0
DA:89,0
DA:91,0
DA:118,0
DA:122,0
LF:26
LH:0
BRDA:48,0,0,0
BRDA:48,0,1,0
BRDA:52,1,0,0
BRDA:52,1,1,0
BRDA:53,2,0,0
BRDA:53,2,1,0
BRDA:54,3,0,0
BRDA:54,3,1,0
BRDA:54,4,0,0
BRDA:54,4,1,0
BRDA:80,5,0,0
BRDA:80,5,1,0
BRDA:81,6,0,0
BRDA:81,6,1,0
BRDA:87,7,0,0
BRDA:87,7,1,0
BRDA:87,7,2,0
BRDA:87,7,3,0
BRDA:95,8,0,0
BRDA:95,8,1,0
BRDA:106,9,0,0
BRDA:106,9,1,0
BRDA:118,10,0,0
BRDA:118,10,1,0
BRDA:119,11,0,0
BRDA:119,11,1,0
BRDA:120,12,0,0
BRDA:120,12,1,0
BRDA:133,13,0,0
BRDA:133,13,1,0
BRF:30
BRH:0
end_of_record
TN:
SF:src\components\contacts\ContactImportProgress.tsx
FN:10,ContactImportProgress
FNF:1
FNH:0
FNDA:0,ContactImportProgress
DA:11,0
DA:13,0
DA:14,0
DA:15,0
DA:16,0
DA:17,0
DA:20,0
DA:21,0
DA:22,0
DA:23,0
DA:25,0
DA:26,0
DA:27,0
DA:29,0
DA:30,0
DA:44,0
DA:45,0
DA:57,0
DA:58,0
DA:100,0
LF:20
LH:0
BRDA:13,0,0,0
BRDA:13,0,1,0
BRDA:14,1,0,0
BRDA:14,1,1,0
BRDA:16,2,0,0
BRDA:16,2,1,0
BRDA:17,3,0,0
BRDA:17,3,1,0
BRDA:20,4,0,0
BRDA:20,4,1,0
BRDA:20,4,2,0
BRDA:21,5,0,0
BRDA:21,5,1,0
BRDA:22,6,0,0
BRDA:22,6,1,0
BRDA:23,7,0,0
BRDA:23,7,1,0
BRDA:29,8,0,0
BRDA:29,8,1,0
BRDA:44,9,0,0
BRDA:44,9,1,0
BRDA:57,10,0,0
BRDA:57,10,1,0
BRDA:66,11,0,0
BRDA:66,11,1,0
BRDA:90,12,0,0
BRDA:90,12,1,0
BRDA:114,13,0,0
BRDA:114,13,1,0
BRF:29
BRH:0
end_of_record
TN:
SF:src\components\contacts\ContactSegments.tsx
FN:26,ContactSegments
FN:49,(anonymous_1)
FN:58,(anonymous_2)
FN:63,(anonymous_3)
FN:70,(anonymous_4)
FN:100,(anonymous_5)
FN:105,(anonymous_6)
FN:124,SegmentRow
FNF:8
FNH:0
FNDA:0,ContactSegments
FNDA:0,(anonymous_1)
FNDA:0,(anonymous_2)
FNDA:0,(anonymous_3)
FNDA:0,(anonymous_4)
FNDA:0,(anonymous_5)
FNDA:0,(anonymous_6)
FNDA:0,SegmentRow
DA:5,0
DA:32,0
DA:38,0
DA:50,0
DA:51,0
DA:58,0
DA:64,0
DA:70,0
DA:101,0
DA:102,0
DA:105,0
DA:127,0
LF:12
LH:0
BRDA:30,0,0,0
BRDA:50,1,0,0
BRDA:50,1,1,0
BRDA:50,2,0,0
BRDA:50,2,1,0
BRDA:68,3,0,0
BRDA:68,3,1,0
BRDA:94,4,0,0
BRDA:94,4,1,0
BRDA:108,5,0,0
BRDA:108,5,1,0
BRDA:132,6,0,0
BRDA:132,6,1,0
BRDA:137,7,0,0
BRDA:137,7,1,0
BRDA:139,8,0,0
BRDA:139,8,1,0
BRF:17
BRH:0
end_of_record
TN:
SF:src\components\contacts\ContactTimeline.tsx
FN:18,messagePreview
FN:24,makeEvents
FN:45,(anonymous_2)
FN:63,ContactTimeline
FN:68,(anonymous_4)
FN:71,(anonymous_5)
FN:82,(anonymous_6)
FN:83,(anonymous_7)
FN:95,(anonymous_8)
FNF:9
FNH:0
FNDA:0,messagePreview
FNDA:0,makeEvents
FNDA:0,(anonymous_2)
FNDA:0,ContactTimeline
FNDA:0,(anonymous_4)
FNDA:0,(anonymous_5)
FNDA:0,(anonymous_6)
FNDA:0,(anonymous_7)
FNDA:0,(anonymous_8)
DA:19,0
DA:20,0
DA:21,0
DA:25,0
DA:29,0
DA:30,0
DA:31,0
DA:39,0
DA:40,0
DA:42,0
DA:43,0
DA:45,0
DA:48,0
DA:57,0
DA:64,0
DA:67,0
DA:68,0
DA:69,0
DA:71,0
DA:72,0
DA:73,0
DA:74,0
DA:77,0
DA:83,0
DA:96,0
DA:97,0
DA:98,0
LF:27
LH:0
BRDA:19,0,0,0
BRDA:19,0,1,0
BRDA:20,1,0,0
BRDA:20,1,1,0
BRDA:21,2,0,0
BRDA:21,2,1,0
BRDA:29,3,0,0
BRDA:29,3,1,0
BRDA:33,4,0,0
BRDA:33,4,1,0
BRDA:34,5,0,0
BRDA:34,5,1,0
BRDA:36,6,0,0
BRDA:36,6,1,0
BRDA:36,6,2,0
BRDA:39,7,0,0
BRDA:39,7,1,0
BRDA:40,8,0,0
BRDA:40,8,1,0
BRDA:42,9,0,0
BRDA:42,9,1,0
BRDA:43,10,0,0
BRDA:43,10,1,0
BRDA:68,11,0,0
BRDA:68,11,1,0
BRDA:72,12,0,0
BRDA:72,12,1,0
BRDA:72,13,0,0
BRDA:72,13,1,0
BRDA:73,14,0,0
BRDA:73,14,1,0
BRDA:85,15,0,0
BRDA:85,15,1,0
BRDA:93,16,0,0
BRDA:93,16,1,0
BRDA:105,17,0,0
BRDA:105,17,1,0
BRF:37
BRH:0
end_of_record
TN:
SF:src\components\contacts\ContactsTable.tsx
FN:29,ContactsTable
FN:39,(anonymous_1)
FN:47,(anonymous_2)
FN:52,(anonymous_3)
FN:57,(anonymous_4)
FN:66,(anonymous_5)
FN:66,(anonymous_6)
FN:66,(anonymous_7)
FN:68,(anonymous_8)
FN:74,(anonymous_9)
FN:84,(anonymous_10)
FN:90,(anonymous_11)
FN:98,(anonymous_12)
FN:110,(anonymous_13)
FN:118,(anonymous_14)
FN:145,(anonymous_15)
FN:150,(anonymous_16)
FN:155,(anonymous_17)
FN:156,(anonymous_18)
FN:179,(anonymous_19)
FN:181,(anonymous_20)
FN:187,(anonymous_21)
FN:190,(anonymous_22)
FN:193,(anonymous_23)
FN:201,(anonymous_24)
FNF:25
FNH:0
FNDA:0,ContactsTable
FNDA:0,(anonymous_1)
FNDA:0,(anonymous_2)
FNDA:0,(anonymous_3)
FNDA:0,(anonymous_4)
FNDA:0,(anonymous_5)
FNDA:0,(anonymous_6)
FNDA:0,(anonymous_7)
FNDA:0,(anonymous_8)
FNDA:0,(anonymous_9)
FNDA:0,(anonymous_10)
FNDA:0,(anonymous_11)
FNDA:0,(anonymous_12)
FNDA:0,(anonymous_13)
FNDA:0,(anonymous_14)
FNDA:0,(anonymous_15)
FNDA:0,(anonymous_16)
FNDA:0,(anonymous_17)
FNDA:0,(anonymous_18)
FNDA:0,(anonymous_19)
FNDA:0,(anonymous_20)
FNDA:0,(anonymous_21)
FNDA:0,(anonymous_22)
FNDA:0,(anonymous_23)
FNDA:0,(anonymous_24)
DA:9,0
DA:27,0
DA:33,0
DA:34,0
DA:35,0
DA:36,0
DA:37,0
DA:39,0
DA:40,0
DA:41,0
DA:43,0
DA:47,0
DA:48,0
DA:49,0
DA:52,0
DA:53,0
DA:54,0
DA:57,0
DA:59,0
DA:66,0
DA:68,0
DA:74,0
DA:85,0
DA:86,0
DA:90,0
DA:98,0
DA:110,0
DA:119,0
DA:145,0
DA:150,0
DA:155,0
DA:156,0
DA:179,0
DA:181,0
DA:187,0
DA:191,0
DA:192,0
DA:193,0
DA:201,0
LF:39
LH:0
BRDA:35,0,0,0
BRDA:35,0,1,0
BRDA:36,1,0,0
BRDA:36,1,1,0
BRDA:40,2,0,0
BRDA:40,2,1,0
BRDA:41,3,0,0
BRDA:41,3,1,0
BRDA:48,4,0,0
BRDA:48,4,1,0
BRDA:49,5,0,0
BRDA:49,5,1,0
BRDA:57,6,0,0
BRDA:57,6,1,0
BRDA:66,7,0,0
BRDA:66,7,1,0
BRDA:82,8,0,0
BRDA:82,8,1,0
BRDA:85,9,0,0
BRDA:85,9,1,0
BRDA:88,10,0,0
BRDA:88,10,1,0
BRDA:101,11,0,0
BRDA:101,11,1,0
BRDA:101,12,0,0
BRDA:101,12,1,0
BRDA:121,13,0,0
BRDA:121,13,1,0
BRDA:136,14,0,0
BRDA:136,14,1,0
BRDA:137,15,0,0
BRDA:137,15,1,0
BRDA:143,16,0,0
BRDA:143,16,1,0
BRDA:150,17,0,0
BRDA:150,17,1,0
BRDA:153,18,0,0
BRDA:153,18,1,0
BRDA:194,19,0,0
BRDA:194,19,1,0
BRDA:199,20,0,0
BRDA:199,20,1,0
BRF:42
BRH:0
end_of_record
TN:
SF:src\components\dashboard\AdBanner.tsx
FN:22,isImageUrl
FN:47,getCategoryConfig
FN:51,hasConfetti
FN:55,isAdLive
FN:66,pickAd
FN:69,(anonymous_5)
FN:72,AdBanner
FN:75,(anonymous_7)
FN:76,(anonymous_8)
FN:82,(anonymous_9)
FN:92,(anonymous_10)
FN:93,(anonymous_11)
FN:96,(anonymous_12)
FN:98,(anonymous_13)
FN:103,(anonymous_14)
FNF:15
FNH:0
FNDA:0,isImageUrl
FNDA:0,getCategoryConfig
FNDA:0,hasConfetti
FNDA:0,isAdLive
FNDA:0,pickAd
FNDA:0,(anonymous_5)
FNDA:0,AdBanner
FNDA:0,(anonymous_7)
FNDA:0,(anonymous_8)
FNDA:0,(anonymous_9)
FNDA:0,(anonymous_10)
FNDA:0,(anonymous_11)
FNDA:0,(anonymous_12)
FNDA:0,(anonymous_13)
FNDA:0,(anonymous_14)
DA:23,0
DA:34,0
DA:35,0
DA:37,0
DA:45,0
DA:48,0
DA:52,0
DA:56,0
DA:57,0
DA:58,0
DA:59,0
DA:60,0
DA:67,0
DA:68,0
DA:69,0
DA:75,0
DA:76,0
DA:77,0
DA:78,0
DA:79,0
DA:80,0
DA:82,0
DA:87,0
DA:88,0
DA:89,0
DA:90,0
DA:91,0
DA:92,0
DA:93,0
DA:96,0
DA:97,0
DA:98,0
DA:103,0
DA:104,0
DA:107,0
DA:109,0
DA:110,0
DA:111,0
DA:112,0
DA:114,0
DA:115,0
DA:170,0
LF:42
LH:0
BRDA:48,0,0,0
BRDA:48,0,1,0
BRDA:48,1,0,0
BRDA:48,1,1,0
BRDA:52,2,0,0
BRDA:52,2,1,0
BRDA:56,3,0,0
BRDA:56,3,1,0
BRDA:60,4,0,0
BRDA:60,4,1,0
BRDA:68,5,0,0
BRDA:68,5,1,0
BRDA:87,6,0,0
BRDA:87,6,1,0
BRDA:87,7,0,0
BRDA:87,7,1,0
BRDA:87,7,2,0
BRDA:89,8,0,0
BRDA:89,8,1,0
BRDA:107,9,0,0
BRDA:107,9,1,0
BRDA:114,10,0,0
BRDA:114,10,1,0
BRDA:119,11,0,0
BRDA:119,11,1,0
BRDA:119,12,0,0
BRDA:119,12,1,0
BRDA:122,13,0,0
BRDA:122,13,1,0
BRDA:122,13,2,0
BRDA:122,13,3,0
BRDA:126,14,0,0
BRDA:126,14,1,0
BRDA:129,15,0,0
BRDA:129,15,1,0
BRDA:134,16,0,0
BRDA:134,16,1,0
BRDA:144,17,0,0
BRDA:144,17,1,0
BRDA:172,18,0,0
BRDA:172,18,1,0
BRDA:172,18,2,0
BRDA:178,19,0,0
BRDA:178,19,1,0
BRDA:186,20,0,0
BRDA:186,20,1,0
BRDA:197,21,0,0
BRDA:197,21,1,0
BRDA:209,22,0,0
BRDA:209,22,1,0
BRDA:233,23,0,0
BRDA:233,23,1,0
BRF:52
BRH:0
end_of_record
TN:
SF:src\components\dashboard\Confetti.tsx
FN:19,Confetti
FN:22,(anonymous_1)
FN:31,(anonymous_2)
FN:37,(anonymous_3)
FN:52,draw
FN:85,(anonymous_5)
FNF:6
FNH:0
FNDA:0,Confetti
FNDA:0,(anonymous_1)
FNDA:0,(anonymous_2)
FNDA:0,(anonymous_3)
FNDA:0,draw
FNDA:0,(anonymous_5)
DA:15,0
DA:20,0
DA:22,0
DA:23,0
DA:24,0
DA:25,0
DA:26,0
DA:28,0
DA:29,0
DA:31,0
DA:32,0
DA:33,0
DA:35,0
DA:37,0
DA:50,0
DA:53,0
DA:54,0
DA:56,0
DA:58,0
DA:59,0
DA:60,0
DA:61,0
DA:62,0
DA:64,0
DA:65,0
DA:66,0
DA:67,0
DA:68,0
DA:69,0
DA:70,0
DA:72,0
DA:73,0
DA:74,0
DA:76,0
DA:79,0
DA:80,0
DA:84,0
DA:85,0
DA:86,0
DA:87,0
DA:91,0
LF:41
LH:0
BRDA:19,0,0,0
BRDA:24,1,0,0
BRDA:24,1,1,0
BRDA:26,2,0,0
BRDA:26,2,1,0
BRDA:46,3,0,0
BRDA:46,3,1,0
BRDA:56,4,0,0
BRDA:56,4,1,0
BRDA:69,5,0,0
BRDA:69,5,1,0
BRDA:79,6,0,0
BRDA:79,6,1,0
BRF:13
BRH:0
end_of_record
TN:
SF:src\components\dashboard\PromoBanner.tsx
FN:31,PromoBanner
FN:37,(anonymous_1)
FN:45,(anonymous_2)
FN:48,(anonymous_3)
FN:49,(anonymous_4)
FN:52,(anonymous_5)
FN:54,(anonymous_6)
FN:54,(anonymous_7)
FN:55,(anonymous_8)
FN:58,(anonymous_9)
FN:60,(anonymous_10)
FN:148,(anonymous_11)
FN:151,(anonymous_12)
FNF:13
FNH:0
FNDA:0,PromoBanner
FNDA:0,(anonymous_1)
FNDA:0,(anonymous_2)
FNDA:0,(anonymous_3)
FNDA:0,(anonymous_4)
FNDA:0,(anonymous_5)
FNDA:0,(anonymous_6)
FNDA:0,(anonymous_7)
FNDA:0,(anonymous_8)
FNDA:0,(anonymous_9)
FNDA:0,(anonymous_10)
FNDA:0,(anonymous_11)
FNDA:0,(anonymous_12)
DA:11,0
DA:21,0
DA:22,0
DA:23,0
DA:25,0
DA:32,0
DA:37,0
DA:38,0
DA:39,0
DA:43,0
DA:45,0
DA:46,0
DA:47,0
DA:48,0
DA:49,0
DA:52,0
DA:53,0
DA:54,0
DA:55,0
DA:58,0
DA:59,0
DA:60,0
DA:63,0
DA:65,0
DA:149,0
DA:151,0
LF:26
LH:0
BRDA:46,0,0,0
BRDA:46,0,1,0
BRDA:53,1,0,0
BRDA:53,1,1,0
BRDA:63,2,0,0
BRDA:63,2,1,0
BRDA:69,3,0,0
BRDA:69,3,1,0
BRDA:69,4,0,0
BRDA:69,4,1,0
BRDA:126,5,0,0
BRDA:126,5,1,0
BRDA:151,6,0,0
BRDA:151,6,1,0
BRDA:155,7,0,0
BRDA:155,7,1,0
BRDA:159,8,0,0
BRDA:159,8,1,0
BRF:18
BRH:0
end_of_record
TN:
SF:src\components\dashboard\WhatsAppQRCard.tsx
FN:14,toE164Digits
FN:18,readStoredOpen
FN:23,loadImage
FN:24,(anonymous_3)
FN:26,(anonymous_4)
FN:32,roundedRect
FN:42,WhatsAppQRCard
FN:53,(anonymous_7)
FN:59,(anonymous_8)
FN:60,(anonymous_9)
FN:67,(anonymous_10)
FN:170,(anonymous_11)
FN:175,(anonymous_12)
FN:219,(anonymous_13)
FN:277,(anonymous_14)
FNF:15
FNH:0
FNDA:0,toE164Digits
FNDA:0,readStoredOpen
FNDA:0,loadImage
FNDA:0,(anonymous_3)
FNDA:0,(anonymous_4)
FNDA:0,roundedRect
FNDA:0,WhatsAppQRCard
FNDA:0,(anonymous_7)
FNDA:0,(anonymous_8)
FNDA:0,(anonymous_9)
FNDA:0,(anonymous_10)
FNDA:0,(anonymous_11)
FNDA:0,(anonymous_12)
FNDA:0,(anonymous_13)
FNDA:0,(anonymous_14)
DA:11,0
DA:12,0
DA:15,0
DA:19,0
DA:20,0
DA:24,0
DA:25,0
DA:26,0
DA:27,0
DA:28,0
DA:33,0
DA:34,0
DA:35,0
DA:36,0
DA:37,0
DA:38,0
DA:39,0
DA:43,0
DA:44,0
DA:45,0
DA:46,0
DA:47,0
DA:48,0
DA:49,0
DA:51,0
DA:53,0
DA:54,0
DA:55,0
DA:56,0
DA:59,0
DA:60,0
DA:61,0
DA:62,0
DA:63,0
DA:67,0
DA:68,0
DA:69,0
DA:70,0
DA:72,0
DA:73,0
DA:74,0
DA:75,0
DA:76,0
DA:77,0
DA:78,0
DA:79,0
DA:80,0
DA:83,0
DA:84,0
DA:85,0
DA:88,0
DA:89,0
DA:90,0
DA:91,0
DA:92,0
DA:93,0
DA:94,0
DA:95,0
DA:96,0
DA:99,0
DA:100,0
DA:101,0
DA:102,0
DA:104,0
DA:105,0
DA:106,0
DA:107,0
DA:109,0
DA:110,0
DA:111,0
DA:112,0
DA:113,0
DA:117,0
DA:118,0
DA:119,0
DA:120,0
DA:121,0
DA:122,0
DA:123,0
DA:124,0
DA:125,0
DA:127,0
DA:130,0
DA:131,0
DA:132,0
DA:133,0
DA:135,0
DA:136,0
DA:137,0
DA:140,0
DA:141,0
DA:142,0
DA:143,0
DA:144,0
DA:145,0
DA:147,0
DA:148,0
DA:149,0
DA:150,0
DA:151,0
DA:152,0
DA:153,0
DA:154,0
DA:155,0
DA:156,0
DA:157,0
DA:158,0
DA:160,0
DA:161,0
DA:162,0
DA:163,0
DA:164,0
DA:166,0
DA:170,0
DA:171,0
DA:172,0
DA:173,0
DA:174,0
DA:175,0
DA:177,0
DA:182,0
DA:200,0
DA:201,0
DA:208,0
DA:209,0
DA:219,0
DA:228,0
DA:277,0
LF:128
LH:0
BRDA:20,0,0,0
BRDA:20,0,1,0
BRDA:51,1,0,0
BRDA:51,1,1,0
BRDA:51,2,0,0
BRDA:51,2,1,0
BRDA:54,3,0,0
BRDA:54,3,1,0
BRDA:56,4,0,0
BRDA:56,4,1,0
BRDA:62,5,0,0
BRDA:62,5,1,0
BRDA:69,6,0,0
BRDA:69,6,1,0
BRDA:69,7,0,0
BRDA:69,7,1,0
BRDA:80,8,0,0
BRDA:80,8,1,0
BRDA:110,9,0,0
BRDA:110,9,1,0
BRDA:133,10,0,0
BRDA:133,10,1,0
BRDA:192,11,0,0
BRDA:192,11,1,0
BRDA:200,12,0,0
BRDA:200,12,1,0
BRDA:208,13,0,0
BRDA:208,13,1,0
BRDA:288,14,0,0
BRDA:288,14,1,0
BRDA:294,15,0,0
BRDA:294,15,1,0
BRDA:295,16,0,0
BRDA:295,16,1,0
BRF:34
BRH:0
end_of_record
TN:
SF:src\components\flowbuilder\FlowCanvas.tsx
FN:55,FlowCanvas
FN:59,(anonymous_1)
FN:61,(anonymous_2)
FN:69,(anonymous_3)
FN:77,(anonymous_4)
FN:99,(anonymous_5)
FN:120,(anonymous_6)
FN:180,(anonymous_7)
FNF:8
FNH:0
FNDA:0,FlowCanvas
FNDA:0,(anonymous_1)
FNDA:0,(anonymous_2)
FNDA:0,(anonymous_3)
FNDA:0,(anonymous_4)
FNDA:0,(anonymous_5)
FNDA:0,(anonymous_6)
FNDA:0,(anonymous_7)
DA:31,0
DA:42,0
DA:56,0
DA:57,0
DA:58,0
DA:59,0
DA:61,0
DA:63,0
DA:64,0
DA:69,0
DA:71,0
DA:72,0
DA:77,0
DA:79,0
DA:80,0
DA:81,0
DA:82,0
DA:99,0
DA:101,0
DA:102,0
DA:103,0
DA:104,0
DA:105,0
DA:106,0
DA:107,0
DA:108,0
DA:109,0
DA:111,0
DA:115,0
DA:120,0
DA:121,0
DA:122,0
DA:125,0
DA:127,0
DA:180,0
LF:35
LH:0
BRDA:63,0,0,0
BRDA:63,0,1,0
BRDA:71,1,0,0
BRDA:71,1,1,0
BRDA:79,2,0,0
BRDA:79,2,1,0
BRDA:81,3,0,0
BRDA:81,3,1,0
BRDA:81,4,0,0
BRDA:81,4,1,0
BRDA:81,5,0,0
BRDA:81,5,1,0
BRDA:88,6,0,0
BRDA:88,6,1,0
BRDA:88,7,0,0
BRDA:88,7,1,0
BRDA:102,8,0,0
BRDA:102,8,1,0
BRDA:103,9,0,0
BRDA:103,9,1,0
BRDA:104,10,0,0
BRDA:104,10,1,0
BRDA:105,11,0,0
BRDA:105,11,1,0
BRDA:108,12,0,0
BRDA:108,12,1,0
BRDA:148,13,0,0
BRDA:148,13,1,0
BRDA:155,14,0,0
BRDA:155,14,1,0
BRDA:159,15,0,0
BRDA:159,15,1,0
BRDA:160,16,0,0
BRDA:160,16,1,0
BRDA:162,17,0,0
BRDA:162,17,1,0
BRDA:169,18,0,0
BRDA:169,18,1,0
BRDA:169,18,2,0
BRF:39
BRH:0
end_of_record
TN:
SF:src\components\flowbuilder\FlowMiniMap.tsx
FN:16,FlowMiniMap
FN:17,(anonymous_1)
FN:22,(anonymous_2)
FNF:3
FNH:0
FNDA:0,FlowMiniMap
FNDA:0,(anonymous_1)
FNDA:0,(anonymous_2)
DA:5,0
DA:17,0
DA:18,0
DA:20,0
DA:23,0
DA:24,0
LF:6
LH:0
BRDA:24,0,0,0
BRDA:24,0,1,0
BRDA:24,1,0,0
BRDA:24,1,1,0
BRDA:27,2,0,0
BRDA:27,2,1,0
BRDA:30,3,0,0
BRDA:30,3,1,0
BRDA:33,4,0,0
BRDA:33,4,1,0
BRF:10
BRH:0
end_of_record
TN:
SF:src\components\flowbuilder\FlowPreview.tsx
FN:20,edgesFrom
FN:21,(anonymous_1)
FN:24,nodeById
FN:25,(anonymous_3)
FN:32,resolveNextId
FN:43,(anonymous_5)
FN:45,(anonymous_6)
FN:74,runFlow
FN:103,(anonymous_8)
FN:103,(anonymous_9)
FN:119,(anonymous_10)
FN:120,(anonymous_11)
FN:143,(anonymous_12)
FN:144,(anonymous_13)
FN:198,FlowPreview
FN:207,initFlow
FN:208,(anonymous_16)
FN:225,(anonymous_17)
FN:227,(anonymous_18)
FN:231,send
FN:238,(anonymous_20)
FN:242,(anonymous_21)
FN:246,(anonymous_22)
FN:256,(anonymous_23)
FN:263,reset
FN:291,(anonymous_25)
FN:309,(anonymous_26)
FN:325,(anonymous_27)
FN:328,(anonymous_28)
FN:340,(anonymous_29)
FN:343,(anonymous_30)
FN:384,(anonymous_31)
FN:385,(anonymous_32)
FN:388,(anonymous_33)
FNF:34
FNH:0
FNDA:0,edgesFrom
FNDA:0,(anonymous_1)
FNDA:0,nodeById
FNDA:0,(anonymous_3)
FNDA:0,resolveNextId
FNDA:0,(anonymous_5)
FNDA:0,(anonymous_6)
FNDA:0,runFlow
FNDA:0,(anonymous_8)
FNDA:0,(anonymous_9)
FNDA:0,(anonymous_10)
FNDA:0,(anonymous_11)
FNDA:0,(anonymous_12)
FNDA:0,(anonymous_13)
FNDA:0,FlowPreview
FNDA:0,initFlow
FNDA:0,(anonymous_16)
FNDA:0,(anonymous_17)
FNDA:0,(anonymous_18)
FNDA:0,send
FNDA:0,(anonymous_20)
FNDA:0,(anonymous_21)
FNDA:0,(anonymous_22)
FNDA:0,(anonymous_23)
FNDA:0,reset
FNDA:0,(anonymous_25)
FNDA:0,(anonymous_26)
FNDA:0,(anonymous_27)
FNDA:0,(anonymous_28)
FNDA:0,(anonymous_29)
FNDA:0,(anonymous_30)
FNDA:0,(anonymous_31)
FNDA:0,(anonymous_32)
FNDA:0,(anonymous_33)
DA:21,0
DA:25,0
DA:39,0
DA:40,0
DA:43,0
DA:44,0
DA:45,0
DA:46,0
DA:50,0
DA:51,0
DA:55,0
DA:75,0
DA:76,0
DA:77,0
DA:79,0
DA:80,0
DA:81,0
DA:82,0
DA:84,0
DA:86,0
DA:87,0
DA:88,0
DA:89,0
DA:91,0
DA:93,0
DA:94,0
DA:97,0
DA:98,0
DA:99,0
DA:100,0
DA:101,0
DA:102,0
DA:103,0
DA:104,0
DA:105,0
DA:106,0
DA:107,0
DA:119,0
DA:120,0
DA:121,0
DA:122,0
DA:123,0
DA:124,0
DA:127,0
DA:131,0
DA:132,0
DA:133,0
DA:136,0
DA:137,0
DA:138,0
DA:139,0
DA:140,0
DA:143,0
DA:144,0
DA:145,0
DA:146,0
DA:150,0
DA:151,0
DA:152,0
DA:153,0
DA:154,0
DA:158,0
DA:159,0
DA:160,0
DA:161,0
DA:165,0
DA:167,0
DA:170,0
DA:171,0
DA:174,0
DA:175,0
DA:178,0
DA:182,0
DA:183,0
DA:189,0
DA:199,0
DA:200,0
DA:201,0
DA:202,0
DA:203,0
DA:204,0
DA:205,0
DA:208,0
DA:209,0
DA:210,0
DA:215,0
DA:216,0
DA:218,0
DA:219,0
DA:220,0
DA:221,0
DA:225,0
DA:227,0
DA:228,0
DA:232,0
DA:234,0
DA:235,0
DA:236,0
DA:238,0
DA:239,0
DA:240,0
DA:242,0
DA:243,0
DA:245,0
DA:246,0
DA:250,0
DA:251,0
DA:252,0
DA:255,0
DA:256,0
DA:257,0
DA:258,0
DA:259,0
DA:264,0
DA:265,0
DA:266,0
DA:267,0
DA:268,0
DA:271,0
DA:292,0
DA:309,0
DA:326,0
DA:328,0
DA:341,0
DA:343,0
DA:384,0
DA:385,0
DA:388,0
LF:128
LH:0
BRDA:40,0,0,0
BRDA:40,0,1,0
BRDA:44,1,0,0
BRDA:44,1,1,0
BRDA:46,2,0,0
BRDA:46,2,1,0
BRDA:50,3,0,0
BRDA:50,3,1,0
BRDA:51,4,0,0
BRDA:51,4,1,0
BRDA:51,4,2,0
BRDA:56,5,0,0
BRDA:56,5,1,0
BRDA:56,5,2,0
BRDA:56,5,3,0
BRDA:74,6,0,0
BRDA:80,7,0,0
BRDA:80,7,1,0
BRDA:87,8,0,0
BRDA:87,8,1,0
BRDA:91,9,0,0
BRDA:91,9,1,0
BRDA:91,9,2,0
BRDA:91,9,3,0
BRDA:91,9,4,0
BRDA:91,9,5,0
BRDA:91,9,6,0
BRDA:91,9,7,0
BRDA:91,9,8,0
BRDA:93,10,0,0
BRDA:93,10,1,0
BRDA:97,11,0,0
BRDA:97,11,1,0
BRDA:98,12,0,0
BRDA:98,12,1,0
BRDA:99,13,0,0
BRDA:99,13,1,0
BRDA:100,14,0,0
BRDA:100,14,1,0
BRDA:101,15,0,0
BRDA:101,15,1,0
BRDA:102,16,0,0
BRDA:102,16,1,0
BRDA:104,17,0,0
BRDA:104,17,1,0
BRDA:104,18,0,0
BRDA:104,18,1,0
BRDA:105,19,0,0
BRDA:105,19,1,0
BRDA:106,20,0,0
BRDA:106,20,1,0
BRDA:106,20,2,0
BRDA:106,21,0,0
BRDA:106,21,1,0
BRDA:106,22,0,0
BRDA:106,22,1,0
BRDA:110,23,0,0
BRDA:110,23,1,0
BRDA:114,24,0,0
BRDA:114,24,1,0
BRDA:119,25,0,0
BRDA:119,25,1,0
BRDA:121,26,0,0
BRDA:121,26,1,0
BRDA:122,27,0,0
BRDA:122,27,1,0
BRDA:131,28,0,0
BRDA:131,28,1,0
BRDA:132,29,0,0
BRDA:132,29,1,0
BRDA:136,30,0,0
BRDA:136,30,1,0
BRDA:136,30,2,0
BRDA:136,30,3,0
BRDA:145,31,0,0
BRDA:145,31,1,0
BRDA:145,31,2,0
BRDA:150,32,0,0
BRDA:150,32,1,0
BRDA:151,33,0,0
BRDA:151,33,1,0
BRDA:153,34,0,0
BRDA:153,34,1,0
BRDA:158,35,0,0
BRDA:158,35,1,0
BRDA:160,36,0,0
BRDA:160,36,1,0
BRDA:178,37,0,0
BRDA:178,37,1,0
BRDA:182,38,0,0
BRDA:182,38,1,0
BRDA:209,39,0,0
BRDA:209,39,1,0
BRDA:232,40,0,0
BRDA:232,40,1,0
BRDA:232,41,0,0
BRDA:232,41,1,0
BRDA:232,41,2,0
BRDA:232,41,3,0
BRDA:235,42,0,0
BRDA:235,42,1,0
BRDA:236,43,0,0
BRDA:236,43,1,0
BRDA:236,44,0,0
BRDA:236,44,1,0
BRDA:245,45,0,0
BRDA:245,45,1,0
BRDA:292,46,0,0
BRDA:292,46,1,0
BRDA:295,47,0,0
BRDA:295,47,1,0
BRDA:297,48,0,0
BRDA:297,48,1,0
BRDA:302,49,0,0
BRDA:302,49,1,0
BRDA:304,50,0,0
BRDA:304,50,1,0
BRDA:313,51,0,0
BRDA:313,51,1,0
BRDA:318,52,0,0
BRDA:318,52,1,0
BRDA:319,53,0,0
BRDA:319,53,1,0
BRDA:323,54,0,0
BRDA:323,54,1,0
BRDA:323,54,2,0
BRDA:329,55,0,0
BRDA:329,55,1,0
BRDA:337,56,0,0
BRDA:337,56,1,0
BRDA:337,56,2,0
BRDA:344,57,0,0
BRDA:344,57,1,0
BRDA:356,58,0,0
BRDA:356,58,1,0
BRDA:366,59,0,0
BRDA:366,59,1,0
BRDA:366,59,2,0
BRDA:381,60,0,0
BRDA:381,60,1,0
BRDA:383,61,0,0
BRDA:383,61,1,0
BRDA:385,62,0,0
BRDA:385,62,1,0
BRDA:389,63,0,0
BRDA:389,63,1,0
BRDA:389,63,2,0
BRF:147
BRH:0
end_of_record
TN:
SF:src\components\flowbuilder\FlowSidebar.tsx
FN:78,FlowSidebar
FN:84,toggleGroup
FN:85,(anonymous_2)
FN:88,copyVar
FN:98,(anonymous_4)
FN:105,(anonymous_5)
FN:116,(anonymous_6)
FN:122,(anonymous_7)
FN:140,(anonymous_8)
FN:167,(anonymous_9)
FN:175,(anonymous_10)
FN:178,(anonymous_11)
FN:190,(anonymous_12)
FNF:13
FNH:0
FNDA:0,FlowSidebar
FNDA:0,toggleGroup
FNDA:0,(anonymous_2)
FNDA:0,copyVar
FNDA:0,(anonymous_4)
FNDA:0,(anonymous_5)
FNDA:0,(anonymous_6)
FNDA:0,(anonymous_7)
FNDA:0,(anonymous_8)
FNDA:0,(anonymous_9)
FNDA:0,(anonymous_10)
FNDA:0,(anonymous_11)
FNDA:0,(anonymous_12)
DA:20,0
DA:68,0
DA:79,0
DA:80,0
DA:81,0
DA:82,0
DA:85,0
DA:89,0
DA:90,0
DA:93,0
DA:99,0
DA:100,0
DA:101,0
DA:102,0
DA:105,0
DA:117,0
DA:118,0
DA:119,0
DA:122,0
DA:136,0
DA:140,0
DA:167,0
DA:176,0
DA:178,0
DA:190,0
LF:25
LH:0
BRDA:101,0,0,0
BRDA:101,0,1,0
BRDA:110,1,0,0
BRDA:110,1,1,0
BRDA:111,2,0,0
BRDA:111,2,1,0
BRDA:114,3,0,0
BRDA:114,3,1,0
BRDA:118,4,0,0
BRDA:118,4,1,0
BRDA:143,5,0,0
BRDA:143,5,1,0
BRDA:171,6,0,0
BRDA:171,6,1,0
BRDA:173,7,0,0
BRDA:173,7,1,0
BRDA:189,8,0,0
BRDA:189,8,1,0
BRF:18
BRH:0
end_of_record
TN:
SF:src\components\flowbuilder\FlowToolbar.tsx
FN:19,FlowToolbar
FN:38,(anonymous_1)
FNF:2
FNH:0
FNDA:0,FlowToolbar
FNDA:0,(anonymous_1)
DA:23,0
DA:25,0
DA:26,0
DA:28,0
DA:38,0
LF:5
LH:0
BRDA:26,0,0,0
BRDA:26,0,1,0
BRDA:43,1,0,0
BRDA:43,1,1,0
BRDA:43,2,0,0
BRDA:43,2,1,0
BRDA:43,3,0,0
BRDA:43,3,1,0
BRDA:72,4,0,0
BRDA:72,4,1,0
BRF:10
BRH:0
end_of_record
TN:
SF:src\components\flowbuilder\NodePanel.tsx
FN:37,NodePanel
FN:39,(anonymous_1)
FN:48,update
FN:52,updateCfg
FN:63,(anonymous_4)
FN:65,updateListSections
FN:68,addSection
FN:71,updateSection
FN:76,removeSection
FN:77,(anonymous_9)
FN:79,addRow
FN:85,updateRow
FN:92,removeRow
FN:94,(anonymous_13)
FN:106,(anonymous_14)
FN:108,(anonymous_15)
FN:122,(anonymous_16)
FN:125,(anonymous_17)
FN:140,(anonymous_18)
FN:143,(anonymous_19)
FN:144,(anonymous_20)
FN:156,(anonymous_21)
FN:159,(anonymous_22)
FN:175,(anonymous_23)
FN:186,(anonymous_24)
FN:196,(anonymous_25)
FN:201,(anonymous_26)
FN:206,(anonymous_27)
FN:208,(anonymous_28)
FN:208,(anonymous_29)
FN:214,(anonymous_30)
FN:215,(anonymous_31)
FN:217,(anonymous_32)
FN:228,(anonymous_33)
FN:237,(anonymous_34)
FN:246,(anonymous_35)
FN:253,(anonymous_36)
FN:255,(anonymous_37)
FN:258,(anonymous_38)
FN:266,(anonymous_39)
FN:273,(anonymous_40)
FN:276,(anonymous_41)
FN:281,(anonymous_42)
FN:302,(anonymous_43)
FN:317,(anonymous_44)
FN:327,(anonymous_45)
FN:338,(anonymous_46)
FN:340,(anonymous_47)
FN:352,(anonymous_48)
FN:357,(anonymous_49)
FN:371,(anonymous_50)
FN:391,(anonymous_51)
FN:405,(anonymous_52)
[...]
FNDA:0,(anonymous_11)
FNDA:0,(anonymous_12)
FNDA:0,(anonymous_13)
FNDA:0,(anonymous_14)
FNDA:0,(anonymous_15)
FNDA:0,(anonymous_16)
FNDA:0,(anonymous_17)
FNDA:0,(anonymous_18)
FNDA:0,(anonymous_19)
FNDA:0,(anonymous_20)
FNDA:0,(anonymous_21)
FNDA:0,(anonymous_22)
DA:8,0
DA:15,0
DA:17,0
DA:40,0
DA:46,0
DA:55,0
DA:56,0
DA:57,0
DA:59,0
DA:60,0
DA:64,0
DA:65,0
DA:66,0
DA:70,0
DA:71,0
DA:72,0
DA:76,0
DA:77,0
DA:78,0
DA:81,0
DA:92,0
DA:102,0
DA:122,0
DA:127,0
DA:128,0
DA:134,0
DA:135,0
DA:158,0
DA:160,0
DA:164,0
DA:173,0
LF:31
LH:0
BRDA:46,0,0,0
BRDA:46,0,1,0
BRDA:47,1,0,0
BRDA:47,1,1,0
BRDA:47,2,0,0
BRDA:47,2,1,0
BRDA:47,3,0,0
BRDA:47,3,1,0
BRDA:49,4,0,0
BRDA:49,4,1,0
BRDA:57,5,0,0
BRDA:57,5,1,0
BRDA:60,6,0,0
BRDA:60,6,1,0
BRDA:92,7,0,0
BRDA:92,7,1,0
BRDA:97,8,0,0
BRDA:97,8,1,0
BRDA:127,9,0,0
BRDA:127,9,1,0
BRDA:154,10,0,0
BRDA:154,10,1,0
BRDA:164,11,0,0
BRDA:164,11,1,0
BRDA:164,12,0,0
BRDA:164,12,1,0
BRF:26
BRH:0
end_of_record
TN:
SF:src\pages\settings\sections\SecuritySettings.tsx
FN:17,(anonymous_0)
FN:21,PasswordRequirement
FN:30,SecuritySettings
FN:46,onSubmit
FN:47,(anonymous_4)
FN:57,(anonymous_5)
FN:69,(anonymous_6)
FN:78,(anonymous_7)
FN:78,(anonymous_8)
FN:89,(anonymous_9)
FN:94,(anonymous_10)
FN:108,(anonymous_11)
FN:108,(anonymous_12)
FNF:13
FNH:0
FNDA:0,(anonymous_0)
FNDA:0,PasswordRequirement
FNDA:0,SecuritySettings
FNDA:0,onSubmit
FNDA:0,(anonymous_4)
FNDA:0,(anonymous_5)
FNDA:0,(anonymous_6)
FNDA:0,(anonymous_7)
FNDA:0,(anonymous_8)
FNDA:0,(anonymous_9)
FNDA:0,(anonymous_10)
FNDA:0,(anonymous_11)
FNDA:0,(anonymous_12)
DA:13,0
DA:17,0
DA:22,0
DA:31,0
DA:33,0
DA:34,0
DA:36,0
DA:37,0
DA:38,0
DA:39,0
DA:41,0
DA:43,0
DA:44,0
DA:47,0
DA:50,0
DA:57,0
DA:59,0
DA:70,0
DA:78,0
DA:90,0
DA:94,0
DA:108,0
LF:22
LH:0
BRDA:23,0,0,0
BRDA:23,0,1,0
BRDA:24,1,0,0
BRDA:24,1,1,0
BRDA:34,2,0,0
BRDA:34,2,1,0
BRDA:41,3,0,0
BRDA:41,3,1,0
BRDA:44,4,0,0
BRDA:44,4,1,0
BRDA:75,5,0,0
BRDA:75,5,1,0
BRDA:76,6,0,0
BRDA:76,6,1,0
BRDA:79,7,0,0
BRDA:79,7,1,0
BRDA:82,8,0,0
BRDA:82,8,1,0
BRDA:86,9,0,0
BRDA:86,9,1,0
BRDA:90,10,0,0
BRDA:90,10,1,0
BRDA:90,11,0,0
BRDA:90,11,1,0
BRDA:90,12,0,0
BRDA:90,12,1,0
BRDA:90,13,0,0
BRDA:90,13,1,0
BRDA:100,14,0,0
BRDA:100,14,1,0
BRDA:106,15,0,0
BRDA:106,15,1,0
BRF:32
BRH:0
end_of_record
TN:
SF:src\pages\settings\sections\WebhookSettings.tsx
FN:17,WebhookSettings
FN:26,toggleEvent
FN:27,(anonymous_2)
FN:27,(anonymous_3)
FN:30,selectAll
FN:30,(anonymous_5)
FN:31,deselectAll
FN:33,submit
FN:35,(anonymous_8)
FN:46,(anonymous_9)
FN:50,(anonymous_10)
FN:62,(anonymous_11)
FN:64,(anonymous_12)
FN:64,(anonymous_13)
FN:70,(anonymous_14)
FN:72,(anonymous_15)
FN:92,(anonymous_16)
FN:93,(anonymous_17)
FN:93,(anonymous_18)
FNF:19
FNH:0
FNDA:0,WebhookSettings
FNDA:0,toggleEvent
FNDA:0,(anonymous_2)
FNDA:0,(anonymous_3)
FNDA:0,selectAll
FNDA:0,(anonymous_5)
FNDA:0,deselectAll
FNDA:0,submit
FNDA:0,(anonymous_8)
FNDA:0,(anonymous_9)
FNDA:0,(anonymous_10)
FNDA:0,(anonymous_11)
FNDA:0,(anonymous_12)
FNDA:0,(anonymous_13)
FNDA:0,(anonymous_14)
FNDA:0,(anonymous_15)
FNDA:0,(anonymous_16)
FNDA:0,(anonymous_17)
FNDA:0,(anonymous_18)
DA:7,0
DA:15,0
DA:18,0
DA:19,0
DA:20,0
DA:21,0
DA:22,0
DA:23,0
DA:24,0
DA:27,0
DA:30,0
DA:31,0
DA:34,0
DA:35,0
DA:38,0
DA:46,0
DA:50,0
DA:63,0
DA:64,0
DA:71,0
DA:72,0
DA:93,0
LF:22
LH:0
BRDA:18,0,0,0
BRDA:27,1,0,0
BRDA:27,1,1,0
BRDA:34,2,0,0
BRDA:34,2,1,0
BRDA:66,3,0,0
BRDA:66,3,1,0
BRDA:68,4,0,0
BRDA:68,4,1,0
BRDA:83,5,0,0
BRDA:83,5,1,0
BRDA:90,6,0,0
BRDA:90,6,1,0
BRF:13
BRH:0
end_of_record
TN:
SF:src\pages\settings\sections\WhatsAppSettings.tsx
FN:19,WhatsAppSettings
FN:41,(anonymous_1)
FN:44,(anonymous_2)
FN:63,(anonymous_3)
FN:78,(anonymous_4)
FN:98,(anonymous_5)
FN:134,(anonymous_6)
FN:134,(anonymous_7)
FN:151,(anonymous_8)
FN:156,(anonymous_9)
FN:158,(anonymous_10)
FN:186,(anonymous_11)
FN:197,(anonymous_12)
FN:268,(anonymous_13)
FN:282,(anonymous_14)
FN:305,(anonymous_15)
FNF:16
FNH:0
FNDA:0,WhatsAppSettings
FNDA:0,(anonymous_1)
FNDA:0,(anonymous_2)
FNDA:0,(anonymous_3)
FNDA:0,(anonymous_4)
FNDA:0,(anonymous_5)
FNDA:0,(anonymous_6)
FNDA:0,(anonymous_7)
FNDA:0,(anonymous_8)
FNDA:0,(anonymous_9)
FNDA:0,(anonymous_10)
FNDA:0,(anonymous_11)
FNDA:0,(anonymous_12)
FNDA:0,(anonymous_13)
FNDA:0,(anonymous_14)
FNDA:0,(anonymous_15)
DA:20,0
DA:21,0
DA:22,0
DA:30,0
DA:35,0
DA:37,0
DA:38,0
DA:39,0
DA:41,0
DA:42,0
DA:43,0
DA:44,0
DA:47,0
DA:64,0
DA:78,0
DA:98,0
DA:134,0
DA:151,0
DA:157,0
DA:159,0
DA:160,0
DA:187,0
DA:197,0
DA:268,0
DA:282,0
DA:305,0
LF:26
LH:0
BRDA:51,0,0,0
BRDA:51,0,1,0
BRDA:61,1,0,0
BRDA:61,1,1,0
BRDA:70,2,0,0
BRDA:70,2,1,0
BRDA:70,2,2,0
BRDA:82,3,0,0
BRDA:82,3,1,0
BRDA:89,4,0,0
BRDA:89,4,1,0
BRDA:89,4,2,0
BRDA:89,4,3,0
BRDA:96,5,0,0
BRDA:96,5,1,0
BRDA:108,6,0,0
BRDA:108,6,1,0
BRDA:108,6,2,0
BRDA:108,6,3,0
BRDA:122,7,0,0
BRDA:122,7,1,0
BRDA:124,8,0,0
BRDA:124,8,1,0
BRDA:132,9,0,0
BRDA:132,9,1,0
BRDA:144,10,0,0
BRDA:144,10,1,0
BRDA:157,11,0,0
BRDA:157,11,1,0
BRDA:167,12,0,0
BRDA:167,12,1,0
BRDA:172,13,0,0
BRDA:172,13,1,0
BRDA:193,14,0,0
BRDA:193,14,1,0
BRDA:195,15,0,0
BRDA:195,15,1,0
BRDA:195,15,2,0
BRDA:200,16,0,0
BRDA:200,16,1,0
BRDA:222,17,0,0
BRDA:222,17,1,0
BRDA:229,18,0,0
BRDA:229,18,1,0
BRDA:234,19,0,0
BRDA:234,19,1,0
BRDA:236,20,0,0
BRDA:236,20,1,0
BRDA:255,21,0,0
BRDA:255,21,1,0
BRDA:259,22,0,0
BRDA:259,22,1,0
BRDA:271,23,0,0
BRDA:271,23,1,0
BRDA:285,24,0,0
BRDA:285,24,1,0
BRDA:295,25,0,0
BRDA:295,25,1,0
BRDA:303,26,0,0
BRDA:303,26,1,0
BRF:60
BRH:0
end_of_record
TN:
SF:src\pages\setup\SetupComplete.tsx
FN:4,SetupComplete
FNF:1
FNH:0
FNDA:0,SetupComplete
DA:5,0
LF:1
LH:0
BRF:0
BRH:0
end_of_record
TN:
SF:src\pages\setup\WhatsAppSetup.tsx
FN:34,WhatsAppSetup
FN:70,(anonymous_1)
FN:79,(anonymous_2)
FN:102,renderProgress
FN:111,(anonymous_4)
FN:126,(anonymous_5)
FN:138,(anonymous_6)
FN:146,(anonymous_7)
FN:166,(anonymous_8)
FN:189,(anonymous_9)
FN:190,(anonymous_10)
FN:276,(anonymous_11)
FN:294,(anonymous_12)
FN:320,(anonymous_13)
FN:340,(anonymous_14)
FN:363,(anonymous_15)
FN:389,(anonymous_16)
FN:391,(anonymous_17)
FN:407,(anonymous_18)
FN:428,(anonymous_19)
FNF:20
FNH:0
FNDA:0,WhatsAppSetup
FNDA:0,(anonymous_1)
FNDA:0,(anonymous_2)
FNDA:0,renderProgress
FNDA:0,(anonymous_4)
FNDA:0,(anonymous_5)
FNDA:0,(anonymous_6)
FNDA:0,(anonymous_7)
FNDA:0,(anonymous_8)
FNDA:0,(anonymous_9)
FNDA:0,(anonymous_10)
FNDA:0,(anonymous_11)
FNDA:0,(anonymous_12)
FNDA:0,(anonymous_13)
FNDA:0,(anonymous_14)
FNDA:0,(anonymous_15)
FNDA:0,(anonymous_16)
FNDA:0,(anonymous_17)
FNDA:0,(anonymous_18)
FNDA:0,(anonymous_19)
DA:23,0
DA:32,0
DA:35,0
DA:36,0
DA:37,0
DA:41,0
DA:49,0
DA:54,0
DA:63,0
DA:70,0
DA:71,0
DA:72,0
DA:73,0
DA:74,0
DA:75,0
DA:79,0
DA:80,0
DA:81,0
DA:86,0
DA:95,0
DA:100,0
DA:103,0
DA:109,0
DA:112,0
DA:113,0
DA:126,0
DA:127,0
DA:128,0
DA:139,0
DA:140,0
DA:146,0
DA:147,0
DA:150,0
DA:156,0
DA:166,0
DA:176,0
DA:189,0
DA:190,0
DA:276,0
DA:294,0
DA:320,0
DA:340,0
DA:364,0
DA:365,0
DA:372,0
DA:391,0
DA:408,0
DA:409,0
DA:428,0
LF:49
LH:0
BRDA:71,0,0,0
BRDA:71,0,1,0
BRDA:72,1,0,0
BRDA:72,1,1,0
BRDA:73,2,0,0
BRDA:73,2,1,0
BRDA:74,3,0,0
BRDA:74,3,1,0
BRDA:80,4,0,0
BRDA:80,4,1,0
BRDA:86,5,0,0
BRDA:86,5,1,0
BRDA:86,5,2,0
BRDA:104,6,0,0
BRDA:104,6,1,0
BRDA:105,7,0,0
BRDA:105,7,1,0
BRDA:106,8,0,0
BRDA:106,8,1,0
BRDA:107,9,0,0
BRDA:107,9,1,0
BRDA:115,10,0,0
BRDA:115,10,1,0
BRDA:115,11,0,0
BRDA:115,11,1,0
BRDA:116,12,0,0
BRDA:116,12,1,0
BRDA:116,13,0,0
BRDA:116,13,1,0
BRDA:118,14,0,0
BRDA:118,14,1,0
BRDA:133,15,0,0
BRDA:133,15,1,0
BRDA:134,16,0,0
BRDA:134,16,1,0
BRDA:135,17,0,0
BRDA:135,17,1,0
BRDA:150,18,0,0
BRDA:150,18,1,0
BRDA:156,19,0,0
BRDA:156,19,1,0
BRDA:170,20,0,0
BRDA:170,20,1,0
BRDA:171,21,0,0
BRDA:171,21,1,0
BRDA:181,22,0,0
BRDA:181,22,1,0
BRDA:181,22,2,0
BRDA:184,23,0,0
BRDA:184,23,1,0
BRDA:184,23,2,0
BRDA:197,24,0,0
BRDA:197,24,1,0
BRDA:211,25,0,0
BRDA:211,25,1,0
BRDA:211,26,0,0
BRDA:211,26,1,0
BRDA:212,27,0,0
BRDA:212,27,1,0
BRDA:216,28,0,0
BRDA:216,28,1,0
BRDA:216,29,0,0
BRDA:216,29,1,0
BRDA:236,30,0,0
BRDA:236,30,1,0
BRDA:242,31,0,0
BRDA:242,31,1,0
BRDA:243,32,0,0
BRDA:243,32,1,0
BRDA:249,33,0,0
BRDA:249,33,1,0
BRDA:249,34,0,0
BRDA:249,34,1,0
BRDA:250,35,0,0
BRDA:250,35,1,0
BRDA:254,36,0,0
BRDA:254,36,1,0
BRDA:254,37,0,0
BRDA:254,37,1,0
BRDA:255,38,0,0
BRDA:255,38,1,0
BRDA:261,39,0,0
BRDA:261,39,1,0
BRDA:262,40,0,0
BRDA:262,40,1,0
BRDA:276,41,0,0
BRDA:276,41,1,0
BRDA:283,42,0,0
BRDA:283,42,1,0
BRDA:289,43,0,0
BRDA:289,43,1,0
BRDA:298,44,0,0
BRDA:298,44,1,0
BRDA:307,45,0,0
BRDA:307,45,1,0
BRDA:309,46,0,0
BRDA:309,46,1,0
BRDA:326,47,0,0
BRDA:326,47,1,0
BRDA:329,48,0,0
BRDA:329,48,1,0
BRDA:339,49,0,0
BRDA:339,49,1,0
BRDA:353,50,0,0
BRDA:353,50,1,0
BRDA:361,51,0,0
BRDA:361,51,1,0
BRDA:366,52,0,0
BRDA:366,52,1,0
BRDA:367,53,0,0
BRDA:367,53,1,0
BRDA:370,54,0,0
BRDA:370,54,1,0
BRDA:402,55,0,0
BRDA:402,55,1,0
BRDA:406,56,0,0
BRDA:406,56,1,0
BRDA:406,56,2,0
BRDA:417,57,0,0
BRDA:417,57,1,0
BRDA:417,57,2,0
BRDA:427,58,0,0
BRDA:427,58,1,0
BRDA:429,59,0,0
BRDA:429,59,1,0
BRDA:438,60,0,0
BRDA:438,60,1,0
BRF:127
BRH:0
end_of_record
TN:
SF:src\pages\team\MemberProfile.tsx
FN:22,avatarGradient
FN:41,MemberProfile
FN:72,(anonymous_2)
FN:76,(anonymous_3)
FN:109,(anonymous_4)
FN:122,(anonymous_5)
FN:132,(anonymous_6)
FN:132,(anonymous_7)
FN:147,(anonymous_8)
FN:170,(anonymous_9)
FN:192,(anonymous_10)
FN:193,(anonymous_11)
FN:205,(anonymous_12)
FN:219,(anonymous_13)
FN:236,(anonymous_14)
FNF:15
FNH:0
FNDA:0,avatarGradient
FNDA:0,MemberProfile
FNDA:0,(anonymous_2)
FNDA:0,(anonymous_3)
FNDA:0,(anonymous_4)
FNDA:0,(anonymous_5)
FNDA:0,(anonymous_6)
FNDA:0,(anonymous_7)
FNDA:0,(anonymous_8)
FNDA:0,(anonymous_9)
FNDA:0,(anonymous_10)
FNDA:0,(anonymous_11)
FNDA:0,(anonymous_12)
FNDA:0,(anonymous_13)
FNDA:0,(anonymous_14)
DA:15,0
DA:23,0
DA:24,0
DA:25,0
DA:26,0
DA:27,0
DA:28,0
DA:31,0
DA:39,0
DA:42,0
DA:43,0
DA:44,0
DA:45,0
DA:46,0
DA:47,0
DA:49,0
DA:50,0
DA:58,0
DA:59,0
DA:60,0
DA:61,0
DA:63,0
DA:68,0
DA:72,0
DA:76,0
DA:109,0
DA:123,0
DA:124,0
DA:132,0
DA:148,0
DA:170,0
DA:193,0
DA:205,0
DA:220,0
DA:221,0
DA:236,0
LF:36
LH:0
BRDA:24,0,0,0
BRDA:24,0,1,0
BRDA:25,1,0,0
BRDA:25,1,1,0
BRDA:26,2,0,0
BRDA:26,2,1,0
BRDA:27,3,0,0
BRDA:27,3,1,0
BRDA:42,4,0,0
BRDA:49,5,0,0
BRDA:49,5,1,0
BRDA:49,6,0,0
BRDA:49,6,1,0
BRDA:58,7,0,0
BRDA:58,7,1,0
BRDA:59,8,0,0
BRDA:59,8,1,0
BRDA:60,9,0,0
BRDA:60,9,1,0
BRDA:61,10,0,0
BRDA:61,10,1,0
BRDA:90,11,0,0
BRDA:90,11,1,0
BRDA:96,12,0,0
BRDA:96,12,1,0
BRDA:101,13,0,0
BRDA:101,13,1,0
BRDA:102,14,0,0
BRDA:102,14,1,0
BRDA:121,15,0,0
BRDA:121,15,1,0
BRDA:125,16,0,0
BRDA:125,16,1,0
BRDA:126,17,0,0
BRDA:126,17,1,0
BRDA:133,18,0,0
BRDA:133,18,1,0
BRDA:138,19,0,0
BRDA:138,19,1,0
BRDA:188,20,0,0
BRDA:188,20,1,0
BRDA:195,21,0,0
BRDA:195,21,1,0
BRDA:217,22,0,0
BRDA:217,22,1,0
BRDA:220,23,0,0
BRDA:220,23,1,0
BRDA:236,24,0,0
BRDA:236,24,1,0
BRF:49
BRH:0
end_of_record
TN:
SF:src\pages\team\Team.tsx
FN:22,Team
FN:36,(anonymous_1)
FN:43,(anonymous_2)
FN:45,(anonymous_3)
FN:46,(anonymous_4)
FN:47,(anonymous_5)
FN:48,(anonymous_6)
FN:49,(anonymous_7)
FN:52,(anonymous_8)
FN:53,(anonymous_9)
FN:56,(anonymous_10)
FN:62,(anonymous_11)
FN:65,(anonymous_12)
FN:81,(anonymous_13)
FN:98,(anonymous_14)
FN:99,(anonymous_15)
FN:119,(anonymous_16)
FN:120,(anonymous_17)
FN:136,(anonymous_18)
FN:159,(anonymous_19)
FN:180,(anonymous_20)
FN:180,(anonymous_21)
FN:201,(anonymous_22)
FN:202,(anonymous_23)
FN:202,(anonymous_24)
FN:204,(anonymous_25)
FN:204,(anonymous_26)
FN:205,(anonymous_27)
FNF:28
FNH:0
FNDA:0,Team
FNDA:0,(anonymous_1)
FNDA:0,(anonymous_2)
FNDA:0,(anonymous_3)
FNDA:0,(anonymous_4)
FNDA:0,(anonymous_5)
FNDA:0,(anonymous_6)
FNDA:0,(anonymous_7)
FNDA:0,(anonymous_8)
FNDA:0,(anonymous_9)
FNDA:0,(anonymous_10)
FNDA:0,(anonymous_11)
FNDA:0,(anonymous_12)
FNDA:0,(anonymous_13)
FNDA:0,(anonymous_14)
FNDA:0,(anonymous_15)
FNDA:0,(anonymous_16)
FNDA:0,(anonymous_17)
FNDA:0,(anonymous_18)
FNDA:0,(anonymous_19)
FNDA:0,(anonymous_20)
FNDA:0,(anonymous_21)
FNDA:0,(anonymous_22)
FNDA:0,(anonymous_23)
FNDA:0,(anonymous_24)
FNDA:0,(anonymous_25)
FNDA:0,(anonymous_26)
FNDA:0,(anonymous_27)
DA:20,0
DA:23,0
DA:24,0
DA:25,0
DA:26,0
DA:27,0
DA:28,0
DA:29,0
DA:30,0
DA:31,0
DA:35,0
DA:36,0
DA:37,0
DA:38,0
DA:39,0
DA:40,0
DA:43,0
DA:44,0
DA:45,0
DA:46,0
DA:47,0
DA:48,0
DA:49,0
DA:52,0
DA:53,0
DA:54,0
DA:56,0
DA:57,0
DA:58,0
DA:59,0
DA:62,0
DA:63,0
DA:64,0
DA:65,0
DA:68,0
DA:81,0
DA:99,0
DA:120,0
DA:136,0
DA:160,0
DA:180,0
DA:181,0
DA:201,0
DA:202,0
DA:204,0
DA:205,0
LF:46
LH:0
BRDA:25,0,0,0
BRDA:25,0,1,0
BRDA:27,1,0,0
BRDA:27,1,1,0
BRDA:38,2,0,0
BRDA:38,2,1,0
BRDA:38,3,0,0
BRDA:38,3,1,0
BRDA:40,4,0,0
BRDA:40,4,1,0
BRDA:46,5,0,0
BRDA:46,5,1,0
BRDA:47,6,0,0
BRDA:47,6,1,0
BRDA:48,7,0,0
BRDA:48,7,1,0
BRDA:52,8,0,0
BRDA:52,8,1,0
BRDA:54,9,0,0
BRDA:54,9,1,0
BRDA:57,10,0,0
BRDA:57,10,1,0
BRDA:58,11,0,0
BRDA:58,11,1,0
BRDA:59,12,0,0
BRDA:59,12,1,0
BRDA:64,13,0,0
BRDA:64,13,1,0
BRDA:65,14,0,0
BRDA:65,14,1,0
BRDA:100,15,0,0
BRDA:100,15,1,0
BRDA:108,16,0,0
BRDA:108,16,1,0
BRDA:122,17,0,0
BRDA:122,17,1,0
BRDA:124,18,0,0
BRDA:124,18,1,0
BRDA:167,19,0,0
BRDA:167,19,1,0
BRDA:175,20,0,0
BRDA:175,20,1,0
BRDA:175,20,2,0
BRDA:189,21,0,0
BRDA:189,21,1,0
BRDA:190,22,0,0
BRDA:190,22,1,0
BRDA:193,23,0,0
BRDA:193,23,1,0
BRDA:199,24,0,0
BRDA:199,24,1,0
BRF:51
BRH:0
end_of_record
TN:
SF:src\store\authStore.ts
FN:6,decodeRoleFromToken
FN:17,normaliseUser
FN:52,(anonymous_2)
FN:60,(anonymous_3)
FN:72,(anonymous_4)
FN:72,(anonymous_5)
FN:74,(anonymous_6)
FN:76,(anonymous_7)
FN:78,(anonymous_8)
FN:84,(anonymous_9)
FN:86,(anonymous_10)
FN:93,(anonymous_11)
FN:102,(anonymous_12)
FN:104,(anonymous_13)
FN:121,(anonymous_14)
FN:122,(anonymous_15)
FNF:16
FNH:0
FNDA:0,decodeRoleFromToken
FNDA:0,normaliseUser
FNDA:0,(anonymous_2)
FNDA:0,(anonymous_3)
FNDA:0,(anonymous_4)
FNDA:0,(anonymous_5)
FNDA:0,(anonymous_6)
FNDA:0,(anonymous_7)
FNDA:0,(anonymous_8)
FNDA:0,(anonymous_9)
FNDA:0,(anonymous_10)
FNDA:0,(anonymous_11)
FNDA:0,(anonymous_12)
FNDA:0,(anonymous_13)
FNDA:0,(anonymous_14)
FNDA:0,(anonymous_15)
DA:7,0
DA:8,0
DA:9,0
DA:11,0
DA:18,0
DA:20,0
DA:51,0
DA:53,0
DA:61,0
DA:63,0
DA:72,0
DA:74,0
DA:76,0
DA:79,0
DA:81,0
DA:84,0
DA:89,0
DA:90,0
DA:94,0
DA:95,0
DA:96,0
DA:99,0
DA:102,0
DA:105,0
DA:106,0
DA:107,0
DA:108,0
DA:109,0
DA:111,0
DA:112,0
DA:113,0
DA:114,0
DA:116,0
DA:121,0
DA:122,0
LF:35
LH:0
BRDA:9,0,0,0
BRDA:9,0,1,0
BRDA:9,0,2,0
BRDA:18,1,0,0
BRDA:18,1,1,0
BRDA:18,1,2,0
BRDA:25,2,0,0
BRDA:25,2,1,0
BRDA:26,3,0,0
BRDA:26,3,1,0
BRDA:61,4,0,0
BRDA:61,4,1,0
BRDA:62,5,0,0
BRDA:62,5,1,0
BRDA:89,6,0,0
BRDA:89,6,1,0
BRDA:89,6,2,0
BRDA:90,7,0,0
BRDA:90,7,1,0
BRDA:95,8,0,0
BRDA:95,8,1,0
BRDA:102,9,0,0
BRDA:102,9,1,0
BRDA:102,9,2,0
BRDA:106,10,0,0
BRDA:106,10,1,0
BRDA:107,11,0,0
BRDA:107,11,1,0
BRDA:108,12,0,0
BRDA:108,12,1,0
BRDA:109,13,0,0
BRDA:109,13,1,0
BRDA:111,14,0,0
BRDA:111,14,1,0
BRDA:111,14,2,0
BRDA:112,15,0,0
BRDA:112,15,1,0
BRDA:112,16,0,0
BRDA:112,16,1,0
BRF:39
BRH:0
end_of_record
TN:
SF:src\store\flowStore.ts
FN:7,generateNodeId
FN:11,getDefaultNodeData
FN:25,(anonymous_2)
FN:36,(anonymous_3)
FN:37,(anonymous_4)
FN:38,(anonymous_5)
FN:39,(anonymous_6)
FN:40,(anonymous_7)
FN:41,(anonymous_8)
FN:42,(anonymous_9)
FN:44,(anonymous_10)
FN:51,(anonymous_11)
FN:58,(anonymous_12)
FN:65,(anonymous_13)
FN:83,(anonymous_14)
FN:87,(anonymous_15)
FN:88,(anonymous_16)
FN:94,(anonymous_17)
FN:96,(anonymous_18)
FN:109,(anonymous_19)
FN:112,(anonymous_20)
FNF:21
FNH:0
FNDA:0,generateNodeId
FNDA:0,getDefaultNodeData
FNDA:0,(anonymous_2)
FNDA:0,(anonymous_3)
FNDA:0,(anonymous_4)
FNDA:0,(anonymous_5)
FNDA:0,(anonymous_6)
FNDA:0,(anonymous_7)
FNDA:0,(anonymous_8)
FNDA:0,(anonymous_9)
FNDA:0,(anonymous_10)
FNDA:0,(anonymous_11)
FNDA:0,(anonymous_12)
FNDA:0,(anonymous_13)
FNDA:0,(anonymous_14)
FNDA:0,(anonymous_15)
FNDA:0,(anonymous_16)
FNDA:0,(anonymous_17)
FNDA:0,(anonymous_18)
FNDA:0,(anonymous_19)
FNDA:0,(anonymous_20)
DA:5,0
DA:8,0
DA:12,0
DA:22,0
DA:25,0
DA:36,0
DA:37,0
DA:38,0
DA:39,0
DA:40,0
DA:41,0
DA:42,0
DA:45,0
DA:46,0
DA:47,0
DA:48,0
DA:52,0
DA:53,0
DA:54,0
DA:55,0
DA:59,0
DA:60,0
DA:61,0
DA:62,0
DA:66,0
DA:67,0
DA:68,0
DA:69,0
DA:70,0
DA:80,0
DA:84,0
DA:85,0
DA:86,0
DA:87,0
DA:88,0
DA:95,0
DA:96,0
DA:97,0
DA:98,0
DA:99,0
DA:100,0
DA:106,0
DA:110,0
DA:111,0
DA:112,0
LF:45
LH:0
BRDA:53,0,0,0
BRDA:53,0,1,0
BRDA:60,1,0,0
BRDA:60,1,1,0
BRDA:76,2,0,0
BRDA:76,2,1,0
BRDA:88,3,0,0
BRDA:88,3,1,0
BRDA:97,4,0,0
BRDA:97,4,1,0
BRDA:112,5,0,0
BRDA:112,5,1,0
BRF:12
BRH:0
end_of_record
TN:
SF:src\store\inboxStore.ts
FN:44,(anonymous_0)
FN:46,(anonymous_1)
FN:48,(anonymous_2)
FN:50,(anonymous_3)
FN:52,(anonymous_4)
FN:54,(anonymous_5)
FN:56,(anonymous_6)
FN:58,(anonymous_7)
FN:60,(anonymous_8)
FN:61,(anonymous_9)
FN:64,(anonymous_10)
FN:69,(anonymous_11)
FN:70,(anonymous_12)
FN:80,(anonymous_13)
FN:81,(anonymous_14)
FN:94,(anonymous_15)
FN:95,(anonymous_16)
FNF:17
FNH:0
FNDA:0,(anonymous_0)
FNDA:0,(anonymous_1)
FNDA:0,(anonymous_2)
FNDA:0,(anonymous_3)
FNDA:0,(anonymous_4)
FNDA:0,(anonymous_5)
FNDA:0,(anonymous_6)
FNDA:0,(anonymous_7)
FNDA:0,(anonymous_8)
FNDA:0,(anonymous_9)
FNDA:0,(anonymous_10)
FNDA:0,(anonymous_11)
FNDA:0,(anonymous_12)
FNDA:0,(anonymous_13)
FNDA:0,(anonymous_14)
FNDA:0,(anonymous_15)
FNDA:0,(anonymous_16)
DA:44,0
DA:46,0
DA:48,0
DA:50,0
DA:52,0
DA:54,0
DA:56,0
DA:58,0
DA:61,0
DA:64,0
DA:70,0
DA:81,0
DA:82,0
DA:83,0
DA:84,0
DA:95,0
DA:96,0
DA:97,0
DA:98,0
DA:100,0
DA:106,0
LF:21
LH:0
BRDA:62,0,0,0
BRDA:62,0,1,0
BRDA:74,1,0,0
BRDA:74,1,1,0
BRDA:82,2,0,0
BRDA:82,2,1,0
BRDA:97,3,0,0
BRDA:97,3,1,0
BRF:8
BRH:0
end_of_record
TN:
SF:src\store\rememberMeStore.ts
FN:10,(anonymous_0)
FN:13,(anonymous_1)
FNF:2
FNH:0
FNDA:0,(anonymous_0)
FNDA:0,(anonymous_1)
DA:9,0
DA:11,0
DA:13,0
LF:3
LH:0
BRF:0
BRH:0
end_of_record
TN:
SF:src\store\supportChatStore.ts
FN:23,(anonymous_0)
FN:28,(anonymous_1)
FN:29,(anonymous_2)
FN:36,(anonymous_3)
FN:39,(anonymous_4)
FN:43,(anonymous_5)
FNF:6
FNH:0
FNDA:0,(anonymous_0)
FNDA:0,(anonymous_1)
FNDA:0,(anonymous_2)
FNDA:0,(anonymous_3)
FNDA:0,(anonymous_4)
FNDA:0,(anonymous_5)
DA:22,0
DA:24,0
DA:29,0
DA:36,0
DA:39,0
DA:43,0
LF:6
LH:0
BRF:0
BRH:0
end_of_record
TN:
SF:src\store\teamStore.ts
FN:16,(anonymous_0)
FN:18,(anonymous_1)
FN:21,(anonymous_2)
FN:21,(anonymous_3)
FN:26,(anonymous_4)
FN:27,(anonymous_5)
FN:30,(anonymous_6)
FN:33,(anonymous_7)
FNF:8
FNH:0
FNDA:0,(anonymous_0)
FNDA:0,(anonymous_1)
FNDA:0,(anonymous_2)
FNDA:0,(anonymous_3)
FNDA:0,(anonymous_4)
FNDA:0,(anonymous_5)
FNDA:0,(anonymous_6)
FNDA:0,(anonymous_7)
DA:16,0
DA:18,0
DA:21,0
DA:22,0
DA:23,0
DA:24,0
DA:26,0
DA:27,0
DA:30,0
DA:33,0
LF:10
LH:0
BRDA:23,0,0,0
BRDA:23,0,1,0
BRF:2
BRH:0
end_of_record
TN:
SF:src\store\uiStore.ts
FN:48,(anonymous_0)
FN:64,(anonymous_1)
FN:65,(anonymous_2)
FN:66,(anonymous_3)
FN:67,(anonymous_4)
FN:69,(anonymous_5)
FN:74,(anonymous_6)
FN:75,(anonymous_7)
FN:76,(anonymous_8)
FN:77,(anonymous_9)
FN:78,(anonymous_10)
FN:79,(anonymous_11)
FN:81,(anonymous_12)
FN:82,(anonymous_13)
FN:83,(anonymous_14)
FN:84,(anonymous_15)
FN:85,(anonymous_16)
FN:86,(anonymous_17)
FN:87,(anonymous_18)
FN:91,(anonymous_19)
FN:96,(anonymous_20)
FNF:21
FNH:0
FNDA:0,(anonymous_0)
FNDA:0,(anonymous_1)
FNDA:0,(anonymous_2)
FNDA:0,(anonymous_3)
FNDA:0,(anonymous_4)
FNDA:0,(anonymous_5)
FNDA:0,(anonymous_6)
FNDA:0,(anonymous_7)
FNDA:0,(anonymous_8)
FNDA:0,(anonymous_9)
FNDA:0,(anonymous_10)
FNDA:0,(anonymous_11)
FNDA:0,(anonymous_12)
FNDA:0,(anonymous_13)
FNDA:0,(anonymous_14)
FNDA:0,(anonymous_15)
FNDA:0,(anonymous_16)
FNDA:0,(anonymous_17)
FNDA:0,(anonymous_18)
FNDA:0,(anonymous_19)
FNDA:0,(anonymous_20)
DA:47,0
DA:49,0
DA:64,0
DA:65,0
DA:66,0
DA:67,0
DA:70,0
DA:71,0
DA:72,0
DA:74,0
DA:75,0
DA:76,0
DA:77,0
DA:78,0
DA:80,0
DA:81,0
DA:82,0
DA:83,0
DA:84,0
DA:85,0
DA:86,0
DA:87,0
DA:91,0
DA:96,0
DA:97,0
DA:98,0
LF:26
LH:0
BRDA:70,0,0,0
BRDA:70,0,1,0
BRDA:80,1,0,0
BRDA:80,1,1,0
BRDA:97,2,0,0
BRDA:97,2,1,0
BRF:6
BRH:0
end_of_record
TN:
SF:src\types\automation.ts
FNF:0
FNH:0
LF:0
LH:0
BRF:0
BRH:0
end_of_record
TN:
SF:src\types\flow.ts
FNF:0
FNH:0
LF:0
LH:0
BRF:0
BRH:0
end_of_record
TN:
SF:src\types\index.ts
FNF:0
FNH:0
LF:0
LH:0
BRF:0
BRH:0
end_of_record
TN:
SF:src\types\meta.ts
FNF:0
FNH:0
LF:0
LH:0
BRF:0
BRH:0
end_of_record
TN:
SF:src\types\setup.ts
FNF:0
FNH:0
LF:0
LH:0
BRF:0
BRH:0
end_of_record
